{"C:\\Users\\grand\\work\\duel-log-app\\frontend\\public\\service-worker.js": {"path":"C:\\Users\\grand\\work\\duel-log-app\\frontend\\public\\service-worker.js","all":true,"statementMap":{"0":{"start":{"line":1,"column":0},"end":{"line":1,"column":39}},"1":{"start":{"line":2,"column":0},"end":{"line":2,"column":21}},"2":{"start":{"line":3,"column":0},"end":{"line":3,"column":6}},"3":{"start":{"line":4,"column":0},"end":{"line":4,"column":16}},"4":{"start":{"line":5,"column":0},"end":{"line":5,"column":17}},"5":{"start":{"line":6,"column":0},"end":{"line":6,"column":68}},"6":{"start":{"line":7,"column":0},"end":{"line":7,"column":70}},"7":{"start":{"line":8,"column":0},"end":{"line":8,"column":2}},"9":{"start":{"line":10,"column":0},"end":{"line":10,"column":45}},"10":{"start":{"line":11,"column":0},"end":{"line":11,"column":18}},"11":{"start":{"line":12,"column":0},"end":{"line":12,"column":27}},"12":{"start":{"line":13,"column":0},"end":{"line":13,"column":24}},"13":{"start":{"line":14,"column":0},"end":{"line":14,"column":36}},"14":{"start":{"line":15,"column":0},"end":{"line":15,"column":62}},"15":{"start":{"line":16,"column":0},"end":{"line":16,"column":63}},"16":{"start":{"line":17,"column":0},"end":{"line":17,"column":55}},"17":{"start":{"line":18,"column":0},"end":{"line":18,"column":54}},"18":{"start":{"line":19,"column":0},"end":{"line":19,"column":11}},"19":{"start":{"line":20,"column":0},"end":{"line":20,"column":8}},"20":{"start":{"line":21,"column":0},"end":{"line":21,"column":4}},"21":{"start":{"line":22,"column":0},"end":{"line":22,"column":3}},"23":{"start":{"line":24,"column":0},"end":{"line":24,"column":43}},"24":{"start":{"line":25,"column":0},"end":{"line":25,"column":20}},"25":{"start":{"line":26,"column":0},"end":{"line":26,"column":31}},"26":{"start":{"line":27,"column":0},"end":{"line":27,"column":27}},"27":{"start":{"line":28,"column":0},"end":{"line":28,"column":23}},"28":{"start":{"line":29,"column":0},"end":{"line":29,"column":26}},"29":{"start":{"line":30,"column":0},"end":{"line":30,"column":9}},"30":{"start":{"line":31,"column":0},"end":{"line":31,"column":36}},"31":{"start":{"line":32,"column":0},"end":{"line":32,"column":8}},"32":{"start":{"line":33,"column":0},"end":{"line":33,"column":4}},"33":{"start":{"line":34,"column":0},"end":{"line":34,"column":3}},"35":{"start":{"line":36,"column":0},"end":{"line":36,"column":46}},"36":{"start":{"line":37,"column":0},"end":{"line":37,"column":18}},"37":{"start":{"line":38,"column":0},"end":{"line":38,"column":40}},"38":{"start":{"line":39,"column":0},"end":{"line":39,"column":25}},"39":{"start":{"line":40,"column":0},"end":{"line":40,"column":39}},"40":{"start":{"line":41,"column":0},"end":{"line":41,"column":41}},"41":{"start":{"line":42,"column":0},"end":{"line":42,"column":58}},"42":{"start":{"line":43,"column":0},"end":{"line":43,"column":44}},"43":{"start":{"line":44,"column":0},"end":{"line":44,"column":11}},"44":{"start":{"line":45,"column":0},"end":{"line":45,"column":10}},"45":{"start":{"line":46,"column":0},"end":{"line":46,"column":8}},"46":{"start":{"line":47,"column":0},"end":{"line":47,"column":6}},"47":{"start":{"line":48,"column":0},"end":{"line":48,"column":4}},"48":{"start":{"line":49,"column":0},"end":{"line":49,"column":3}}},"s":{"0":0,"1":0,"2":0,"3":0,"4":0,"5":0,"6":0,"7":0,"9":0,"10":0,"11":0,"12":0,"13":0,"14":0,"15":0,"16":0,"17":0,"18":0,"19":0,"20":0,"21":0,"23":0,"24":0,"25":0,"26":0,"27":0,"28":0,"29":0,"30":0,"31":0,"32":0,"33":0,"35":0,"36":0,"37":0,"38":0,"39":0,"40":0,"41":0,"42":0,"43":0,"44":0,"45":0,"46":0,"47":0,"48":0},"branchMap":{"0":{"type":"branch","line":1,"loc":{"start":{"line":1,"column":0},"end":{"line":49,"column":3}},"locations":[{"start":{"line":1,"column":0},"end":{"line":49,"column":3}}]}},"b":{"0":[0]},"fnMap":{"0":{"name":"(empty-report)","decl":{"start":{"line":1,"column":0},"end":{"line":49,"column":3}},"loc":{"start":{"line":1,"column":0},"end":{"line":49,"column":3}},"line":1}},"f":{"0":0}}
,"C:\\Users\\grand\\work\\duel-log-app\\frontend\\src\\App.vue": {"path":"C:\\Users\\grand\\work\\duel-log-app\\frontend\\src\\App.vue","all":false,"statementMap":{"1":{"start":{"line":2,"column":0},"end":{"line":2,"column":39}},"2":{"start":{"line":3,"column":0},"end":{"line":3,"column":19}},"4":{"start":{"line":5,"column":0},"end":{"line":5,"column":24}},"5":{"start":{"line":6,"column":0},"end":{"line":6,"column":26}},"7":{"start":{"line":8,"column":0},"end":{"line":8,"column":30}},"8":{"start":{"line":9,"column":0},"end":{"line":9,"column":23}},"9":{"start":{"line":10,"column":0},"end":{"line":10,"column":10}},"13":{"start":{"line":14,"column":0},"end":{"line":14,"column":39}},"14":{"start":{"line":15,"column":0},"end":{"line":15,"column":74}},"15":{"start":{"line":16,"column":0},"end":{"line":16,"column":68}},"16":{"start":{"line":17,"column":0},"end":{"line":17,"column":47}},"17":{"start":{"line":18,"column":0},"end":{"line":18,"column":45}},"19":{"start":{"line":20,"column":0},"end":{"line":20,"column":35}},"20":{"start":{"line":21,"column":0},"end":{"line":21,"column":33}},"23":{"start":{"line":24,"column":0},"end":{"line":24,"column":17}},"24":{"start":{"line":25,"column":0},"end":{"line":25,"column":25}},"25":{"start":{"line":26,"column":0},"end":{"line":26,"column":3}},"28":{"start":{"line":29,"column":0},"end":{"line":29,"column":6}},"29":{"start":{"line":30,"column":0},"end":{"line":30,"column":23}},"30":{"start":{"line":31,"column":0},"end":{"line":31,"column":9}},"31":{"start":{"line":32,"column":0},"end":{"line":32,"column":27}},"32":{"start":{"line":33,"column":0},"end":{"line":33,"column":4}},"33":{"start":{"line":34,"column":0},"end":{"line":34,"column":2}}},"s":{"1":1,"2":1,"4":2,"5":2,"7":2,"8":2,"9":1,"13":1,"14":1,"15":1,"16":1,"17":1,"19":1,"20":1,"23":1,"24":2,"25":1,"28":1,"29":1,"30":1,"31":0,"32":0,"33":1},"branchMap":{"0":{"type":"branch","line":24,"loc":{"start":{"line":24,"column":10},"end":{"line":26,"column":1}},"locations":[{"start":{"line":24,"column":10},"end":{"line":26,"column":1}}]},"1":{"type":"branch","line":30,"loc":{"start":{"line":30,"column":2},"end":{"line":30,"column":23}},"locations":[{"start":{"line":30,"column":2},"end":{"line":30,"column":23}}]},"2":{"type":"branch","line":3,"loc":{"start":{"line":3,"column":4},"end":{"line":9,"column":23}},"locations":[{"start":{"line":3,"column":4},"end":{"line":9,"column":23}}]}},"b":{"0":[2],"1":[2],"2":[2]},"fnMap":{},"f":{}}
,"C:\\Users\\grand\\work\\duel-log-app\\frontend\\src\\main.js": {"path":"C:\\Users\\grand\\work\\duel-log-app\\frontend\\src\\main.js","all":true,"statementMap":{"0":{"start":{"line":1,"column":0},"end":{"line":1,"column":32}},"1":{"start":{"line":2,"column":0},"end":{"line":2,"column":21}},"2":{"start":{"line":3,"column":0},"end":{"line":3,"column":28}},"3":{"start":{"line":4,"column":0},"end":{"line":4,"column":0}},"4":{"start":{"line":5,"column":0},"end":{"line":5,"column":29}}},"s":{"0":0,"1":0,"2":0,"3":0,"4":0},"branchMap":{"0":{"type":"branch","line":1,"loc":{"start":{"line":1,"column":0},"end":{"line":5,"column":-34}},"locations":[{"start":{"line":1,"column":0},"end":{"line":5,"column":-34}}]}},"b":{"0":[0]},"fnMap":{"0":{"name":"(empty-report)","decl":{"start":{"line":1,"column":0},"end":{"line":5,"column":-34}},"loc":{"start":{"line":1,"column":0},"end":{"line":5,"column":-34}},"line":1}},"f":{"0":0}}
,"C:\\Users\\grand\\work\\duel-log-app\\frontend\\src\\main.ts": {"path":"C:\\Users\\grand\\work\\duel-log-app\\frontend\\src\\main.ts","all":true,"statementMap":{"0":{"start":{"line":1,"column":0},"end":{"line":1,"column":32}},"1":{"start":{"line":2,"column":0},"end":{"line":2,"column":36}},"2":{"start":{"line":3,"column":0},"end":{"line":3,"column":30}},"3":{"start":{"line":4,"column":0},"end":{"line":4,"column":40}},"4":{"start":{"line":5,"column":0},"end":{"line":5,"column":44}},"5":{"start":{"line":6,"column":0},"end":{"line":6,"column":28}},"6":{"start":{"line":7,"column":0},"end":{"line":7,"column":35}},"8":{"start":{"line":9,"column":0},"end":{"line":9,"column":27}},"9":{"start":{"line":10,"column":0},"end":{"line":10,"column":28}},"11":{"start":{"line":12,"column":0},"end":{"line":12,"column":15}},"12":{"start":{"line":13,"column":0},"end":{"line":13,"column":16}},"13":{"start":{"line":14,"column":0},"end":{"line":14,"column":17}},"14":{"start":{"line":15,"column":0},"end":{"line":15,"column":30}},"16":{"start":{"line":17,"column":0},"end":{"line":17,"column":18}}},"s":{"0":0,"1":0,"2":0,"3":0,"4":0,"5":0,"6":0,"8":0,"9":0,"11":0,"12":0,"13":0,"14":0,"16":0},"branchMap":{"0":{"type":"branch","line":1,"loc":{"start":{"line":1,"column":0},"end":{"line":32,"column":-535}},"locations":[{"start":{"line":1,"column":0},"end":{"line":32,"column":-535}}]}},"b":{"0":[0]},"fnMap":{"0":{"name":"(empty-report)","decl":{"start":{"line":1,"column":0},"end":{"line":32,"column":-535}},"loc":{"start":{"line":1,"column":0},"end":{"line":32,"column":-535}},"line":1}},"f":{"0":0}}
,"C:\\Users\\grand\\work\\duel-log-app\\frontend\\src\\components\\common\\LoadingOverlay.vue": {"path":"C:\\Users\\grand\\work\\duel-log-app\\frontend\\src\\components\\common\\LoadingOverlay.vue","all":false,"statementMap":{"1":{"start":{"line":2,"column":0},"end":{"line":2,"column":73}},"2":{"start":{"line":3,"column":0},"end":{"line":3,"column":33}},"3":{"start":{"line":4,"column":0},"end":{"line":4,"column":79}},"4":{"start":{"line":5,"column":0},"end":{"line":5,"column":47}},"5":{"start":{"line":6,"column":0},"end":{"line":6,"column":10}},"6":{"start":{"line":7,"column":0},"end":{"line":7,"column":14}},"10":{"start":{"line":11,"column":0},"end":{"line":11,"column":36}},"11":{"start":{"line":12,"column":0},"end":{"line":12,"column":51}},"13":{"start":{"line":14,"column":0},"end":{"line":14,"column":39}},"14":{"start":{"line":15,"column":0},"end":{"line":15,"column":48}}},"s":{"1":1,"2":1,"3":1,"4":1,"5":1,"6":1,"10":1,"11":1,"13":1,"14":1},"branchMap":{"0":{"type":"branch","line":5,"loc":{"start":{"line":5,"column":6},"end":{"line":5,"column":47}},"locations":[{"start":{"line":5,"column":6},"end":{"line":5,"column":47}}]}},"b":{"0":[1]},"fnMap":{},"f":{}}
,"C:\\Users\\grand\\work\\duel-log-app\\frontend\\src\\components\\common\\ShareStatsDialog.vue": {"path":"C:\\Users\\grand\\work\\duel-log-app\\frontend\\src\\components\\common\\ShareStatsDialog.vue","all":false,"statementMap":{"1":{"start":{"line":2,"column":0},"end":{"line":2,"column":47}},"2":{"start":{"line":3,"column":0},"end":{"line":3,"column":12}},"3":{"start":{"line":4,"column":0},"end":{"line":4,"column":60}},"4":{"start":{"line":5,"column":0},"end":{"line":5,"column":19}},"5":{"start":{"line":6,"column":0},"end":{"line":6,"column":47}},"6":{"start":{"line":7,"column":0},"end":{"line":7,"column":19}},"7":{"start":{"line":8,"column":0},"end":{"line":8,"column":34}},"8":{"start":{"line":9,"column":0},"end":{"line":9,"column":26}},"9":{"start":{"line":10,"column":0},"end":{"line":10,"column":21}},"10":{"start":{"line":11,"column":0},"end":{"line":11,"column":30}},"11":{"start":{"line":12,"column":0},"end":{"line":12,"column":29}},"12":{"start":{"line":13,"column":0},"end":{"line":13,"column":24}},"13":{"start":{"line":14,"column":0},"end":{"line":14,"column":24}},"14":{"start":{"line":15,"column":0},"end":{"line":15,"column":22}},"15":{"start":{"line":16,"column":0},"end":{"line":16,"column":19}},"16":{"start":{"line":17,"column":0},"end":{"line":17,"column":35}},"17":{"start":{"line":18,"column":0},"end":{"line":18,"column":27}},"18":{"start":{"line":19,"column":0},"end":{"line":19,"column":21}},"19":{"start":{"line":20,"column":0},"end":{"line":20,"column":30}},"20":{"start":{"line":21,"column":0},"end":{"line":21,"column":29}},"21":{"start":{"line":22,"column":0},"end":{"line":22,"column":24}},"22":{"start":{"line":23,"column":0},"end":{"line":23,"column":24}},"23":{"start":{"line":24,"column":0},"end":{"line":24,"column":22}},"24":{"start":{"line":25,"column":0},"end":{"line":25,"column":19}},"25":{"start":{"line":26,"column":0},"end":{"line":26,"column":38}},"26":{"start":{"line":27,"column":0},"end":{"line":27,"column":30}},"27":{"start":{"line":28,"column":0},"end":{"line":28,"column":26}},"28":{"start":{"line":29,"column":0},"end":{"line":29,"column":30}},"29":{"start":{"line":30,"column":0},"end":{"line":30,"column":29}},"30":{"start":{"line":31,"column":0},"end":{"line":31,"column":24}},"31":{"start":{"line":32,"column":0},"end":{"line":32,"column":24}},"32":{"start":{"line":33,"column":0},"end":{"line":33,"column":22}},"34":{"start":{"line":35,"column":0},"end":{"line":35,"column":44}},"35":{"start":{"line":36,"column":0},"end":{"line":36,"column":17}},"36":{"start":{"line":37,"column":0},"end":{"line":37,"column":26}},"37":{"start":{"line":38,"column":0},"end":{"line":38,"column":43}},"38":{"start":{"line":39,"column":0},"end":{"line":39,"column":41}},"39":{"start":{"line":40,"column":0},"end":{"line":40,"column":20}},"40":{"start":{"line":41,"column":0},"end":{"line":41,"column":28}},"42":{"start":{"line":43,"column":0},"end":{"line":43,"column":45}},"43":{"start":{"line":44,"column":0},"end":{"line":44,"column":27}},"44":{"start":{"line":45,"column":0},"end":{"line":45,"column":35}},"45":{"start":{"line":46,"column":0},"end":{"line":46,"column":48}},"46":{"start":{"line":47,"column":0},"end":{"line":47,"column":43}},"47":{"start":{"line":48,"column":0},"end":{"line":48,"column":24}},"48":{"start":{"line":49,"column":0},"end":{"line":49,"column":30}},"49":{"start":{"line":50,"column":0},"end":{"line":50,"column":34}},"50":{"start":{"line":51,"column":0},"end":{"line":51,"column":33}},"51":{"start":{"line":52,"column":0},"end":{"line":52,"column":28}},"52":{"start":{"line":53,"column":0},"end":{"line":53,"column":28}},"53":{"start":{"line":54,"column":0},"end":{"line":54,"column":25}},"54":{"start":{"line":55,"column":0},"end":{"line":55,"column":45}},"55":{"start":{"line":56,"column":0},"end":{"line":56,"column":30}},"57":{"start":{"line":58,"column":0},"end":{"line":58,"column":26}},"58":{"start":{"line":59,"column":0},"end":{"line":59,"column":38}},"59":{"start":{"line":60,"column":0},"end":{"line":60,"column":28}},"60":{"start":{"line":61,"column":0},"end":{"line":61,"column":46}},"61":{"start":{"line":62,"column":0},"end":{"line":62,"column":29}},"62":{"start":{"line":63,"column":0},"end":{"line":63,"column":19}},"64":{"start":{"line":65,"column":0},"end":{"line":65,"column":94}},"66":{"start":{"line":67,"column":0},"end":{"line":67,"column":18}},"67":{"start":{"line":68,"column":0},"end":{"line":68,"column":17}},"69":{"start":{"line":70,"column":0},"end":{"line":70,"column":91}},"70":{"start":{"line":71,"column":0},"end":{"line":71,"column":31}},"71":{"start":{"line":72,"column":0},"end":{"line":72,"column":23}},"72":{"start":{"line":73,"column":0},"end":{"line":73,"column":35}},"73":{"start":{"line":74,"column":0},"end":{"line":74,"column":20}},"74":{"start":{"line":75,"column":0},"end":{"line":75,"column":29}},"75":{"start":{"line":76,"column":0},"end":{"line":76,"column":42}},"76":{"start":{"line":77,"column":0},"end":{"line":77,"column":24}},"77":{"start":{"line":78,"column":0},"end":{"line":78,"column":24}},"78":{"start":{"line":79,"column":0},"end":{"line":79,"column":36}},"79":{"start":{"line":80,"column":0},"end":{"line":80,"column":26}},"80":{"start":{"line":81,"column":0},"end":{"line":81,"column":18}},"81":{"start":{"line":82,"column":0},"end":{"line":82,"column":20}},"82":{"start":{"line":83,"column":0},"end":{"line":83,"column":22}},"83":{"start":{"line":84,"column":0},"end":{"line":84,"column":29}},"84":{"start":{"line":85,"column":0},"end":{"line":85,"column":68}},"85":{"start":{"line":86,"column":0},"end":{"line":86,"column":23}},"86":{"start":{"line":87,"column":0},"end":{"line":87,"column":13}},"87":{"start":{"line":88,"column":0},"end":{"line":88,"column":13}},"91":{"start":{"line":92,"column":0},"end":{"line":92,"column":43}},"92":{"start":{"line":93,"column":0},"end":{"line":93,"column":70}},"93":{"start":{"line":94,"column":0},"end":{"line":94,"column":61}},"96":{"start":{"line":97,"column":0},"end":{"line":97,"column":27}},"103":{"start":{"line":104,"column":0},"end":{"line":104,"column":48}},"105":{"start":{"line":106,"column":0},"end":{"line":106,"column":57}},"106":{"start":{"line":107,"column":0},"end":{"line":107,"column":49}},"108":{"start":{"line":109,"column":0},"end":{"line":109,"column":25}},"109":{"start":{"line":110,"column":0},"end":{"line":110,"column":9}},"110":{"start":{"line":111,"column":0},"end":{"line":111,"column":28}},"111":{"start":{"line":112,"column":0},"end":{"line":112,"column":4}},"112":{"start":{"line":113,"column":0},"end":{"line":113,"column":14}},"113":{"start":{"line":114,"column":0},"end":{"line":114,"column":37}},"114":{"start":{"line":115,"column":0},"end":{"line":115,"column":4}},"115":{"start":{"line":116,"column":0},"end":{"line":116,"column":3}},"117":{"start":{"line":118,"column":0},"end":{"line":118,"column":44}},"118":{"start":{"line":119,"column":0},"end":{"line":119,"column":46}},"119":{"start":{"line":120,"column":0},"end":{"line":120,"column":62}},"120":{"start":{"line":121,"column":0},"end":{"line":121,"column":47}},"121":{"start":{"line":122,"column":0},"end":{"line":122,"column":30}},"123":{"start":{"line":124,"column":0},"end":{"line":124,"column":38}},"124":{"start":{"line":125,"column":0},"end":{"line":125,"column":79}},"127":{"start":{"line":128,"column":0},"end":{"line":128,"column":32}},"128":{"start":{"line":129,"column":0},"end":{"line":129,"column":27}},"129":{"start":{"line":130,"column":0},"end":{"line":130,"column":135}},"130":{"start":{"line":131,"column":0},"end":{"line":131,"column":3}},"132":{"start":{"line":133,"column":0},"end":{"line":133,"column":6}},"133":{"start":{"line":134,"column":0},"end":{"line":134,"column":26}},"134":{"start":{"line":135,"column":0},"end":{"line":135,"column":15}},"135":{"start":{"line":136,"column":0},"end":{"line":136,"column":32}},"136":{"start":{"line":137,"column":0},"end":{"line":137,"column":4}},"137":{"start":{"line":138,"column":0},"end":{"line":138,"column":2}},"138":{"start":{"line":139,"column":0},"end":{"line":139,"column":6}},"139":{"start":{"line":140,"column":0},"end":{"line":140,"column":27}},"140":{"start":{"line":141,"column":0},"end":{"line":141,"column":15}},"141":{"start":{"line":142,"column":0},"end":{"line":142,"column":33}},"142":{"start":{"line":143,"column":0},"end":{"line":143,"column":4}},"143":{"start":{"line":144,"column":0},"end":{"line":144,"column":2}},"144":{"start":{"line":145,"column":0},"end":{"line":145,"column":6}},"145":{"start":{"line":146,"column":0},"end":{"line":146,"column":30}},"146":{"start":{"line":147,"column":0},"end":{"line":147,"column":15}},"147":{"start":{"line":148,"column":0},"end":{"line":148,"column":36}},"148":{"start":{"line":149,"column":0},"end":{"line":149,"column":4}},"149":{"start":{"line":150,"column":0},"end":{"line":150,"column":2}},"151":{"start":{"line":152,"column":0},"end":{"line":152,"column":30}},"152":{"start":{"line":153,"column":0},"end":{"line":153,"column":47}},"153":{"start":{"line":154,"column":0},"end":{"line":154,"column":70}},"154":{"start":{"line":155,"column":0},"end":{"line":155,"column":3}},"155":{"start":{"line":156,"column":0},"end":{"line":156,"column":59}},"156":{"start":{"line":157,"column":0},"end":{"line":157,"column":62}},"158":{"start":{"line":159,"column":0},"end":{"line":159,"column":43}},"159":{"start":{"line":160,"column":0},"end":{"line":160,"column":13}},"160":{"start":{"line":161,"column":0},"end":{"line":161,"column":72}},"161":{"start":{"line":162,"column":0},"end":{"line":162,"column":48}},"162":{"start":{"line":163,"column":0},"end":{"line":163,"column":3}},"163":{"start":{"line":164,"column":0},"end":{"line":164,"column":2}},"165":{"start":{"line":166,"column":0},"end":{"line":166,"column":34}},"166":{"start":{"line":167,"column":0},"end":{"line":167,"column":50}},"168":{"start":{"line":169,"column":0},"end":{"line":169,"column":57}},"169":{"start":{"line":170,"column":0},"end":{"line":170,"column":24}},"171":{"start":{"line":172,"column":0},"end":{"line":172,"column":50}},"172":{"start":{"line":173,"column":0},"end":{"line":173,"column":51}},"174":{"start":{"line":175,"column":0},"end":{"line":175,"column":17}},"175":{"start":{"line":176,"column":0},"end":{"line":176,"column":72}},"176":{"start":{"line":177,"column":0},"end":{"line":177,"column":13}},"177":{"start":{"line":178,"column":0},"end":{"line":178,"column":5}},"179":{"start":{"line":180,"column":0},"end":{"line":180,"column":40}},"180":{"start":{"line":181,"column":0},"end":{"line":181,"column":41}},"181":{"start":{"line":182,"column":0},"end":{"line":182,"column":39}},"184":{"start":{"line":185,"column":0},"end":{"line":185,"column":83}},"185":{"start":{"line":186,"column":0},"end":{"line":186,"column":8}},"186":{"start":{"line":187,"column":0},"end":{"line":187,"column":39}},"187":{"start":{"line":188,"column":0},"end":{"line":188,"column":41}},"188":{"start":{"line":189,"column":0},"end":{"line":189,"column":31}},"189":{"start":{"line":190,"column":0},"end":{"line":190,"column":7}},"190":{"start":{"line":191,"column":0},"end":{"line":191,"column":63}},"191":{"start":{"line":192,"column":0},"end":{"line":192,"column":13}},"192":{"start":{"line":193,"column":0},"end":{"line":193,"column":5}},"194":{"start":{"line":195,"column":0},"end":{"line":195,"column":44}},"195":{"start":{"line":196,"column":0},"end":{"line":196,"column":3}},"197":{"start":{"line":198,"column":0},"end":{"line":198,"column":64}},"198":{"start":{"line":199,"column":0},"end":{"line":199,"column":29}},"199":{"start":{"line":200,"column":0},"end":{"line":200,"column":31}},"200":{"start":{"line":201,"column":0},"end":{"line":201,"column":38}},"201":{"start":{"line":202,"column":0},"end":{"line":202,"column":35}},"202":{"start":{"line":203,"column":0},"end":{"line":203,"column":5}},"204":{"start":{"line":205,"column":0},"end":{"line":205,"column":16}},"206":{"start":{"line":207,"column":0},"end":{"line":207,"column":78}},"207":{"start":{"line":208,"column":0},"end":{"line":208,"column":3}},"208":{"start":{"line":209,"column":0},"end":{"line":209,"column":2}},"210":{"start":{"line":211,"column":0},"end":{"line":211,"column":30}},"211":{"start":{"line":212,"column":0},"end":{"line":212,"column":28}},"212":{"start":{"line":213,"column":0},"end":{"line":213,"column":9}},"213":{"start":{"line":214,"column":0},"end":{"line":214,"column":63}},"214":{"start":{"line":215,"column":0},"end":{"line":215,"column":58}},"215":{"start":{"line":216,"column":0},"end":{"line":216,"column":19}},"216":{"start":{"line":217,"column":0},"end":{"line":217,"column":62}},"217":{"start":{"line":218,"column":0},"end":{"line":218,"column":50}},"218":{"start":{"line":219,"column":0},"end":{"line":219,"column":5}},"219":{"start":{"line":220,"column":0},"end":{"line":220,"column":3}},"220":{"start":{"line":221,"column":0},"end":{"line":221,"column":2}},"223":{"start":{"line":224,"column":0},"end":{"line":224,"column":27}},"224":{"start":{"line":225,"column":0},"end":{"line":225,"column":16}},"225":{"start":{"line":226,"column":0},"end":{"line":226,"column":29}},"226":{"start":{"line":227,"column":0},"end":{"line":227,"column":25}},"227":{"start":{"line":228,"column":0},"end":{"line":228,"column":53}},"228":{"start":{"line":229,"column":0},"end":{"line":229,"column":3}},"229":{"start":{"line":230,"column":0},"end":{"line":230,"column":3}},"232":{"start":{"line":233,"column":0},"end":{"line":233,"column":14}},"233":{"start":{"line":234,"column":0},"end":{"line":234,"column":16}},"234":{"start":{"line":235,"column":0},"end":{"line":235,"column":12}},"235":{"start":{"line":236,"column":0},"end":{"line":236,"column":3}}},"s":{"1":1,"2":1,"3":1,"4":1,"5":1,"6":1,"7":1,"8":1,"9":1,"10":1,"11":1,"12":1,"13":1,"14":1,"15":1,"16":1,"17":1,"18":1,"19":1,"20":1,"21":1,"22":1,"23":1,"24":1,"25":1,"26":1,"27":1,"28":1,"29":1,"30":1,"31":1,"32":1,"34":1,"35":1,"36":1,"37":1,"38":1,"39":1,"40":1,"42":1,"43":1,"44":1,"45":1,"46":1,"47":1,"48":1,"49":1,"50":1,"51":1,"52":1,"53":1,"54":1,"55":1,"57":1,"58":1,"59":1,"60":1,"61":1,"62":1,"64":1,"66":10,"67":1,"69":1,"70":1,"71":1,"72":1,"73":1,"74":1,"75":1,"76":1,"77":1,"78":1,"79":1,"80":1,"81":1,"82":1,"83":1,"84":1,"85":1,"86":1,"87":1,"91":1,"92":1,"93":1,"96":1,"103":1,"105":1,"106":1,"108":1,"109":1,"110":8,"111":8,"112":1,"113":0,"114":0,"115":1,"117":1,"118":1,"119":1,"120":1,"121":1,"123":1,"124":1,"127":1,"128":0,"129":0,"130":1,"132":1,"133":1,"134":1,"135":0,"136":0,"137":1,"138":1,"139":1,"140":1,"141":0,"142":0,"143":1,"144":1,"145":1,"146":1,"147":0,"148":0,"149":1,"151":1,"152":6,"153":6,"154":1,"155":1,"156":1,"158":1,"159":0,"160":0,"161":0,"162":0,"163":0,"165":1,"166":4,"168":4,"169":4,"171":3,"172":3,"174":3,"175":1,"176":1,"177":1,"179":2,"180":2,"181":2,"184":2,"185":2,"186":2,"187":2,"188":1,"189":3,"190":1,"191":1,"192":1,"194":1,"195":1,"197":2,"198":2,"199":2,"200":2,"201":2,"202":2,"204":2,"206":2,"207":2,"208":4,"210":1,"211":0,"212":0,"213":0,"214":0,"215":0,"216":0,"217":0,"218":0,"219":0,"220":0,"223":1,"224":1,"225":1,"226":1,"227":1,"228":1,"229":1,"232":1,"233":1,"234":1,"235":1},"branchMap":{"0":{"type":"branch","line":110,"loc":{"start":{"line":110,"column":2},"end":{"line":112,"column":4}},"locations":[{"start":{"line":110,"column":2},"end":{"line":112,"column":4}}]},"1":{"type":"branch","line":134,"loc":{"start":{"line":134,"column":2},"end":{"line":134,"column":26}},"locations":[{"start":{"line":134,"column":2},"end":{"line":134,"column":26}}]},"2":{"type":"branch","line":140,"loc":{"start":{"line":140,"column":2},"end":{"line":140,"column":27}},"locations":[{"start":{"line":140,"column":2},"end":{"line":140,"column":27}}]},"3":{"type":"branch","line":146,"loc":{"start":{"line":146,"column":2},"end":{"line":146,"column":30}},"locations":[{"start":{"line":146,"column":2},"end":{"line":146,"column":30}}]},"4":{"type":"branch","line":152,"loc":{"start":{"line":152,"column":23},"end":{"line":155,"column":1}},"locations":[{"start":{"line":152,"column":23},"end":{"line":155,"column":1}}]},"5":{"type":"branch","line":154,"loc":{"start":{"line":154,"column":35},"end":{"line":154,"column":60}},"locations":[{"start":{"line":154,"column":35},"end":{"line":154,"column":60}}]},"6":{"type":"branch","line":156,"loc":{"start":{"line":156,"column":42},"end":{"line":156,"column":57}},"locations":[{"start":{"line":156,"column":42},"end":{"line":156,"column":57}}]},"7":{"type":"branch","line":166,"loc":{"start":{"line":166,"column":21},"end":{"line":209,"column":2}},"locations":[{"start":{"line":166,"column":21},"end":{"line":209,"column":2}}]},"8":{"type":"branch","line":170,"loc":{"start":{"line":170,"column":23},"end":{"line":196,"column":3}},"locations":[{"start":{"line":170,"column":23},"end":{"line":196,"column":3}}]},"9":{"type":"branch","line":175,"loc":{"start":{"line":175,"column":16},"end":{"line":178,"column":5}},"locations":[{"start":{"line":175,"column":16},"end":{"line":178,"column":5}}]},"10":{"type":"branch","line":178,"loc":{"start":{"line":178,"column":4},"end":{"line":188,"column":41}},"locations":[{"start":{"line":178,"column":4},"end":{"line":188,"column":41}}]},"11":{"type":"branch","line":188,"loc":{"start":{"line":188,"column":37},"end":{"line":189,"column":31}},"locations":[{"start":{"line":188,"column":37},"end":{"line":189,"column":31}}]},"12":{"type":"branch","line":190,"loc":{"start":{"line":190,"column":6},"end":{"line":196,"column":3}},"locations":[{"start":{"line":190,"column":6},"end":{"line":196,"column":3}}]},"13":{"type":"branch","line":196,"loc":{"start":{"line":196,"column":2},"end":{"line":208,"column":3}},"locations":[{"start":{"line":196,"column":2},"end":{"line":208,"column":3}}]},"14":{"type":"branch","line":224,"loc":{"start":{"line":224,"column":14},"end":{"line":230,"column":1}},"locations":[{"start":{"line":224,"column":14},"end":{"line":230,"column":1}}]},"15":{"type":"branch","line":2,"loc":{"start":{"line":2,"column":21},"end":{"line":2,"column":29}},"locations":[{"start":{"line":2,"column":21},"end":{"line":2,"column":29}}]},"16":{"type":"branch","line":4,"loc":{"start":{"line":4,"column":37},"end":{"line":4,"column":60}},"locations":[{"start":{"line":4,"column":37},"end":{"line":4,"column":60}}]},"17":{"type":"branch","line":4,"loc":{"start":{"line":4,"column":45},"end":{"line":4,"column":60}},"locations":[{"start":{"line":4,"column":45},"end":{"line":4,"column":60}}]},"18":{"type":"branch","line":8,"loc":{"start":{"line":8,"column":21},"end":{"line":8,"column":34}},"locations":[{"start":{"line":8,"column":21},"end":{"line":8,"column":34}}]},"19":{"type":"branch","line":17,"loc":{"start":{"line":17,"column":21},"end":{"line":17,"column":35}},"locations":[{"start":{"line":17,"column":21},"end":{"line":17,"column":35}}]},"20":{"type":"branch","line":26,"loc":{"start":{"line":26,"column":21},"end":{"line":26,"column":38}},"locations":[{"start":{"line":26,"column":21},"end":{"line":26,"column":38}}]},"21":{"type":"branch","line":37,"loc":{"start":{"line":37,"column":21},"end":{"line":37,"column":26}},"locations":[{"start":{"line":37,"column":21},"end":{"line":37,"column":26}}]},"22":{"type":"branch","line":45,"loc":{"start":{"line":45,"column":25},"end":{"line":45,"column":35}},"locations":[{"start":{"line":45,"column":25},"end":{"line":45,"column":35}}]},"23":{"type":"branch","line":55,"loc":{"start":{"line":55,"column":28},"end":{"line":55,"column":45}},"locations":[{"start":{"line":55,"column":28},"end":{"line":55,"column":45}}]},"24":{"type":"branch","line":66,"loc":{"start":{"line":66,"column":-1},"end":{"line":67,"column":18}},"locations":[{"start":{"line":66,"column":-1},"end":{"line":67,"column":18}}]},"25":{"type":"branch","line":67,"loc":{"start":{"line":67,"column":10},"end":{"line":67,"column":18}},"locations":[{"start":{"line":67,"column":10},"end":{"line":67,"column":18}}]},"26":{"type":"branch","line":85,"loc":{"start":{"line":85,"column":39},"end":{"line":85,"column":57}},"locations":[{"start":{"line":85,"column":39},"end":{"line":85,"column":57}}]},"27":{"type":"branch","line":85,"loc":{"start":{"line":85,"column":57},"end":{"line":85,"column":68}},"locations":[{"start":{"line":85,"column":57},"end":{"line":85,"column":68}}]},"28":{"type":"branch","line":85,"loc":{"start":{"line":85,"column":60},"end":{"line":85,"column":68}},"locations":[{"start":{"line":85,"column":60},"end":{"line":85,"column":68}}]}},"b":{"0":[8],"1":[7],"2":[7],"3":[7],"4":[6],"5":[30],"6":[84],"7":[4],"8":[3],"9":[1],"10":[2],"11":[1],"12":[1],"13":[2],"14":[1],"15":[7],"16":[7],"17":[6],"18":[6],"19":[6],"20":[6],"21":[6],"22":[6],"23":[6],"24":[1],"25":[6],"26":[6],"27":[7],"28":[6]},"fnMap":{"0":{"name":"get","decl":{"start":{"line":110,"column":2},"end":{"line":112,"column":4}},"loc":{"start":{"line":110,"column":2},"end":{"line":112,"column":4}},"line":110},"1":{"name":"set","decl":{"start":{"line":113,"column":2},"end":{"line":115,"column":4}},"loc":{"start":{"line":113,"column":2},"end":{"line":115,"column":4}},"line":113},"2":{"name":"selectedYear.value","decl":{"start":{"line":134,"column":2},"end":{"line":134,"column":26}},"loc":{"start":{"line":134,"column":2},"end":{"line":134,"column":26}},"line":134},"3":{"name":"selectedMonth.value","decl":{"start":{"line":140,"column":2},"end":{"line":140,"column":27}},"loc":{"start":{"line":140,"column":2},"end":{"line":140,"column":27}},"line":140},"4":{"name":"selectedGameMode.value","decl":{"start":{"line":146,"column":2},"end":{"line":146,"column":30}},"loc":{"start":{"line":146,"column":2},"end":{"line":146,"column":30}},"line":146},"5":{"name":"selectDate","decl":{"start":{"line":159,"column":19},"end":{"line":164,"column":2}},"loc":{"start":{"line":159,"column":19},"end":{"line":164,"column":2}},"line":159},"6":{"name":"generateLink","decl":{"start":{"line":166,"column":21},"end":{"line":209,"column":2}},"loc":{"start":{"line":166,"column":21},"end":{"line":209,"column":2}},"line":166},"7":{"name":"copyLink","decl":{"start":{"line":211,"column":17},"end":{"line":221,"column":2}},"loc":{"start":{"line":211,"column":17},"end":{"line":221,"column":2}},"line":211},"8":{"name":"onUpdate:modelValue._cache.<computed>._cache.<computed>","decl":{"start":{"line":2,"column":21},"end":{"line":2,"column":29}},"loc":{"start":{"line":2,"column":21},"end":{"line":2,"column":29}},"line":2},"9":{"name":"onUpdate:modelValue._cache.<computed>._cache.<computed>","decl":{"start":{"line":8,"column":21},"end":{"line":8,"column":34}},"loc":{"start":{"line":8,"column":21},"end":{"line":8,"column":34}},"line":8},"10":{"name":"onUpdate:modelValue._cache.<computed>._cache.<computed>","decl":{"start":{"line":17,"column":21},"end":{"line":17,"column":35}},"loc":{"start":{"line":17,"column":21},"end":{"line":17,"column":35}},"line":17},"11":{"name":"onUpdate:modelValue._cache.<computed>._cache.<computed>","decl":{"start":{"line":26,"column":21},"end":{"line":26,"column":38}},"loc":{"start":{"line":26,"column":21},"end":{"line":26,"column":38}},"line":26},"12":{"name":"onUpdate:modelValue._cache.<computed>._cache.<computed>","decl":{"start":{"line":37,"column":21},"end":{"line":37,"column":26}},"loc":{"start":{"line":37,"column":21},"end":{"line":37,"column":26}},"line":37},"13":{"name":"onUpdate:modelValue._cache.<computed>._cache.<computed>","decl":{"start":{"line":45,"column":25},"end":{"line":45,"column":35}},"loc":{"start":{"line":45,"column":25},"end":{"line":45,"column":35}},"line":45},"14":{"name":"onClick:clear._cache.<computed>._cache.<computed>","decl":{"start":{"line":55,"column":28},"end":{"line":55,"column":45}},"loc":{"start":{"line":55,"column":28},"end":{"line":55,"column":45}},"line":55},"15":{"name":"onUpdate:modelValue._cache.<computed>._cache.<computed>","decl":{"start":{"line":73,"column":21},"end":{"line":73,"column":35}},"loc":{"start":{"line":73,"column":21},"end":{"line":73,"column":35}},"line":73},"16":{"name":"onClick._cache.<computed>._cache.<computed>","decl":{"start":{"line":85,"column":39},"end":{"line":85,"column":57}},"loc":{"start":{"line":85,"column":39},"end":{"line":85,"column":57}},"line":85}},"f":{"0":8,"1":0,"2":7,"3":7,"4":7,"5":0,"6":4,"7":0,"8":0,"9":0,"10":0,"11":0,"12":0,"13":0,"14":0,"15":0,"16":0}}
,"C:\\Users\\grand\\work\\duel-log-app\\frontend\\src\\components\\common\\ToastNotification.vue": {"path":"C:\\Users\\grand\\work\\duel-log-app\\frontend\\src\\components\\common\\ToastNotification.vue","all":false,"statementMap":{"1":{"start":{"line":2,"column":0},"end":{"line":2,"column":13}},"2":{"start":{"line":3,"column":0},"end":{"line":3,"column":41}},"3":{"start":{"line":4,"column":0},"end":{"line":4,"column":26}},"4":{"start":{"line":5,"column":0},"end":{"line":5,"column":45}},"5":{"start":{"line":6,"column":0},"end":{"line":6,"column":40}},"6":{"start":{"line":7,"column":0},"end":{"line":7,"column":44}},"7":{"start":{"line":8,"column":0},"end":{"line":8,"column":24}},"8":{"start":{"line":9,"column":0},"end":{"line":9,"column":30}},"9":{"start":{"line":10,"column":0},"end":{"line":10,"column":78}},"11":{"start":{"line":12,"column":0},"end":{"line":12,"column":37}},"12":{"start":{"line":13,"column":0},"end":{"line":13,"column":64}},"13":{"start":{"line":14,"column":0},"end":{"line":14,"column":45}},"14":{"start":{"line":15,"column":0},"end":{"line":15,"column":10}},"16":{"start":{"line":17,"column":0},"end":{"line":17,"column":23}},"17":{"start":{"line":18,"column":0},"end":{"line":18,"column":12}},"18":{"start":{"line":19,"column":0},"end":{"line":19,"column":24}},"19":{"start":{"line":20,"column":0},"end":{"line":20,"column":22}},"20":{"start":{"line":21,"column":0},"end":{"line":21,"column":20}},"21":{"start":{"line":22,"column":0},"end":{"line":22,"column":52}},"22":{"start":{"line":23,"column":0},"end":{"line":23,"column":8}},"24":{"start":{"line":25,"column":0},"end":{"line":25,"column":15}},"28":{"start":{"line":29,"column":0},"end":{"line":29,"column":33}},"29":{"start":{"line":30,"column":0},"end":{"line":30,"column":36}},"30":{"start":{"line":31,"column":0},"end":{"line":31,"column":61}},"32":{"start":{"line":33,"column":0},"end":{"line":33,"column":49}},"33":{"start":{"line":34,"column":0},"end":{"line":34,"column":57}},"35":{"start":{"line":36,"column":0},"end":{"line":36,"column":56}},"38":{"start":{"line":39,"column":0},"end":{"line":39,"column":6}},"39":{"start":{"line":40,"column":0},"end":{"line":40,"column":16}},"40":{"start":{"line":41,"column":0},"end":{"line":41,"column":25}},"41":{"start":{"line":42,"column":0},"end":{"line":42,"column":48}},"42":{"start":{"line":43,"column":0},"end":{"line":43,"column":55}},"43":{"start":{"line":44,"column":0},"end":{"line":44,"column":53}},"44":{"start":{"line":45,"column":0},"end":{"line":45,"column":7}},"45":{"start":{"line":46,"column":0},"end":{"line":46,"column":7}},"46":{"start":{"line":47,"column":0},"end":{"line":47,"column":4}},"47":{"start":{"line":48,"column":0},"end":{"line":48,"column":17}},"48":{"start":{"line":49,"column":0},"end":{"line":49,"column":2}},"50":{"start":{"line":51,"column":0},"end":{"line":51,"column":36}},"51":{"start":{"line":52,"column":0},"end":{"line":52,"column":17}},"52":{"start":{"line":53,"column":0},"end":{"line":53,"column":19}},"53":{"start":{"line":54,"column":0},"end":{"line":54,"column":23}},"54":{"start":{"line":55,"column":0},"end":{"line":55,"column":17}},"55":{"start":{"line":56,"column":0},"end":{"line":56,"column":21}},"56":{"start":{"line":57,"column":0},"end":{"line":57,"column":19}},"57":{"start":{"line":58,"column":0},"end":{"line":58,"column":23}},"58":{"start":{"line":59,"column":0},"end":{"line":59,"column":16}},"59":{"start":{"line":60,"column":0},"end":{"line":60,"column":20}},"60":{"start":{"line":61,"column":0},"end":{"line":61,"column":12}},"61":{"start":{"line":62,"column":0},"end":{"line":62,"column":23}},"62":{"start":{"line":63,"column":0},"end":{"line":63,"column":3}},"63":{"start":{"line":64,"column":0},"end":{"line":64,"column":2}},"65":{"start":{"line":66,"column":0},"end":{"line":66,"column":35}},"66":{"start":{"line":67,"column":0},"end":{"line":67,"column":17}},"67":{"start":{"line":68,"column":0},"end":{"line":68,"column":19}},"68":{"start":{"line":69,"column":0},"end":{"line":69,"column":32}},"69":{"start":{"line":70,"column":0},"end":{"line":70,"column":17}},"70":{"start":{"line":71,"column":0},"end":{"line":71,"column":32}},"71":{"start":{"line":72,"column":0},"end":{"line":72,"column":19}},"72":{"start":{"line":73,"column":0},"end":{"line":73,"column":25}},"73":{"start":{"line":74,"column":0},"end":{"line":74,"column":16}},"74":{"start":{"line":75,"column":0},"end":{"line":75,"column":31}},"75":{"start":{"line":76,"column":0},"end":{"line":76,"column":12}},"76":{"start":{"line":77,"column":0},"end":{"line":77,"column":24}},"77":{"start":{"line":78,"column":0},"end":{"line":78,"column":3}},"78":{"start":{"line":79,"column":0},"end":{"line":79,"column":2}},"80":{"start":{"line":81,"column":0},"end":{"line":81,"column":44}},"81":{"start":{"line":82,"column":0},"end":{"line":82,"column":35}},"82":{"start":{"line":83,"column":0},"end":{"line":83,"column":31}},"83":{"start":{"line":84,"column":0},"end":{"line":84,"column":2}}},"s":{"1":1,"2":1,"3":1,"4":1,"5":0,"6":0,"7":0,"8":0,"9":0,"11":1,"12":1,"13":1,"14":1,"16":1,"17":1,"18":1,"19":1,"20":1,"21":1,"22":1,"24":1,"28":1,"29":1,"30":1,"32":1,"33":1,"35":1,"38":1,"39":1,"40":1,"41":0,"42":0,"43":0,"44":0,"45":0,"46":0,"47":1,"48":1,"50":1,"51":1,"52":1,"53":1,"54":1,"55":0,"56":1,"57":0,"58":1,"59":0,"60":1,"61":0,"62":1,"63":1,"65":1,"66":0,"67":0,"68":0,"69":0,"70":0,"71":0,"72":0,"73":0,"74":0,"75":0,"76":0,"77":0,"78":0,"80":1,"81":0,"82":0,"83":0},"branchMap":{"0":{"type":"branch","line":51,"loc":{"start":{"line":51,"column":17},"end":{"line":64,"column":2}},"locations":[{"start":{"line":51,"column":17},"end":{"line":64,"column":2}}]},"1":{"type":"branch","line":55,"loc":{"start":{"line":55,"column":4},"end":{"line":56,"column":21}},"locations":[{"start":{"line":55,"column":4},"end":{"line":56,"column":21}}]},"2":{"type":"branch","line":57,"loc":{"start":{"line":57,"column":4},"end":{"line":58,"column":23}},"locations":[{"start":{"line":57,"column":4},"end":{"line":58,"column":23}}]},"3":{"type":"branch","line":59,"loc":{"start":{"line":59,"column":4},"end":{"line":60,"column":20}},"locations":[{"start":{"line":59,"column":4},"end":{"line":60,"column":20}}]},"4":{"type":"branch","line":61,"loc":{"start":{"line":61,"column":4},"end":{"line":62,"column":23}},"locations":[{"start":{"line":61,"column":4},"end":{"line":62,"column":23}}]}},"b":{"0":[1],"1":[0],"2":[0],"3":[0],"4":[0]},"fnMap":{"0":{"name":"deep","decl":{"start":{"line":41,"column":2},"end":{"line":47,"column":4}},"loc":{"start":{"line":41,"column":2},"end":{"line":47,"column":4}},"line":41},"1":{"name":"getColor","decl":{"start":{"line":51,"column":17},"end":{"line":64,"column":2}},"loc":{"start":{"line":51,"column":17},"end":{"line":64,"column":2}},"line":51},"2":{"name":"getIcon","decl":{"start":{"line":66,"column":16},"end":{"line":79,"column":2}},"loc":{"start":{"line":66,"column":16},"end":{"line":79,"column":2}},"line":66},"3":{"name":"removeNotification","decl":{"start":{"line":81,"column":27},"end":{"line":84,"column":2}},"loc":{"start":{"line":81,"column":27},"end":{"line":84,"column":2}},"line":81},"4":{"name":"onUpdate:modelValue","decl":{"start":{"line":5,"column":43},"end":{"line":10,"column":78}},"loc":{"start":{"line":5,"column":43},"end":{"line":10,"column":78}},"line":5}},"f":{"0":0,"1":1,"2":0,"3":0,"4":0}}
,"C:\\Users\\grand\\work\\duel-log-app\\frontend\\src\\components\\duel\\DuelFormDialog.vue": {"path":"C:\\Users\\grand\\work\\duel-log-app\\frontend\\src\\components\\duel\\DuelFormDialog.vue","all":false,"statementMap":{"1":{"start":{"line":2,"column":0},"end":{"line":2,"column":11}},"2":{"start":{"line":3,"column":0},"end":{"line":3,"column":29}},"3":{"start":{"line":4,"column":0},"end":{"line":4,"column":19}},"4":{"start":{"line":5,"column":0},"end":{"line":5,"column":14}},"5":{"start":{"line":6,"column":0},"end":{"line":6,"column":37}},"6":{"start":{"line":7,"column":0},"end":{"line":7,"column":60}},"8":{"start":{"line":9,"column":0},"end":{"line":9,"column":35}},"9":{"start":{"line":10,"column":0},"end":{"line":10,"column":35}},"11":{"start":{"line":12,"column":0},"end":{"line":12,"column":33}},"12":{"start":{"line":13,"column":0},"end":{"line":13,"column":76}},"13":{"start":{"line":14,"column":0},"end":{"line":14,"column":72}},"14":{"start":{"line":15,"column":0},"end":{"line":15,"column":21}},"16":{"start":{"line":17,"column":0},"end":{"line":17,"column":19}},"18":{"start":{"line":19,"column":0},"end":{"line":19,"column":32}},"19":{"start":{"line":20,"column":0},"end":{"line":20,"column":27}},"20":{"start":{"line":21,"column":0},"end":{"line":21,"column":99}},"21":{"start":{"line":22,"column":0},"end":{"line":22,"column":30}},"22":{"start":{"line":23,"column":0},"end":{"line":23,"column":72}},"23":{"start":{"line":24,"column":0},"end":{"line":24,"column":55}},"24":{"start":{"line":25,"column":0},"end":{"line":25,"column":18}},"25":{"start":{"line":26,"column":0},"end":{"line":26,"column":30}},"26":{"start":{"line":27,"column":0},"end":{"line":27,"column":77}},"27":{"start":{"line":28,"column":0},"end":{"line":28,"column":55}},"28":{"start":{"line":29,"column":0},"end":{"line":29,"column":18}},"29":{"start":{"line":30,"column":0},"end":{"line":30,"column":31}},"30":{"start":{"line":31,"column":0},"end":{"line":31,"column":80}},"31":{"start":{"line":32,"column":0},"end":{"line":32,"column":56}},"32":{"start":{"line":33,"column":0},"end":{"line":33,"column":18}},"33":{"start":{"line":34,"column":0},"end":{"line":34,"column":28}},"34":{"start":{"line":35,"column":0},"end":{"line":35,"column":81}},"35":{"start":{"line":36,"column":0},"end":{"line":36,"column":54}},"36":{"start":{"line":37,"column":0},"end":{"line":37,"column":18}},"37":{"start":{"line":38,"column":0},"end":{"line":38,"column":17}},"39":{"start":{"line":40,"column":0},"end":{"line":40,"column":61}},"40":{"start":{"line":41,"column":0},"end":{"line":41,"column":17}},"41":{"start":{"line":42,"column":0},"end":{"line":42,"column":26}},"42":{"start":{"line":43,"column":0},"end":{"line":43,"column":36}},"43":{"start":{"line":44,"column":0},"end":{"line":44,"column":25}},"44":{"start":{"line":45,"column":0},"end":{"line":45,"column":40}},"45":{"start":{"line":46,"column":0},"end":{"line":46,"column":32}},"46":{"start":{"line":47,"column":0},"end":{"line":47,"column":33}},"47":{"start":{"line":48,"column":0},"end":{"line":48,"column":31}},"48":{"start":{"line":49,"column":0},"end":{"line":49,"column":29}},"49":{"start":{"line":50,"column":0},"end":{"line":50,"column":46}},"50":{"start":{"line":51,"column":0},"end":{"line":51,"column":34}},"51":{"start":{"line":52,"column":0},"end":{"line":52,"column":31}},"52":{"start":{"line":53,"column":0},"end":{"line":53,"column":41}},"53":{"start":{"line":54,"column":0},"end":{"line":54,"column":25}},"54":{"start":{"line":55,"column":0},"end":{"line":55,"column":41}},"56":{"start":{"line":57,"column":0},"end":{"line":57,"column":35}},"57":{"start":{"line":58,"column":0},"end":{"line":58,"column":31}},"58":{"start":{"line":59,"column":0},"end":{"line":59,"column":39}},"60":{"start":{"line":61,"column":0},"end":{"line":61,"column":40}},"61":{"start":{"line":62,"column":0},"end":{"line":62,"column":32}},"63":{"start":{"line":64,"column":0},"end":{"line":64,"column":27}},"64":{"start":{"line":65,"column":0},"end":{"line":65,"column":20}},"66":{"start":{"line":67,"column":0},"end":{"line":67,"column":26}},"67":{"start":{"line":68,"column":0},"end":{"line":68,"column":36}},"68":{"start":{"line":69,"column":0},"end":{"line":69,"column":25}},"69":{"start":{"line":70,"column":0},"end":{"line":70,"column":46}},"70":{"start":{"line":71,"column":0},"end":{"line":71,"column":38}},"71":{"start":{"line":72,"column":0},"end":{"line":72,"column":33}},"72":{"start":{"line":73,"column":0},"end":{"line":73,"column":31}},"73":{"start":{"line":74,"column":0},"end":{"line":74,"column":29}},"74":{"start":{"line":75,"column":0},"end":{"line":75,"column":48}},"75":{"start":{"line":76,"column":0},"end":{"line":76,"column":34}},"76":{"start":{"line":77,"column":0},"end":{"line":77,"column":33}},"77":{"start":{"line":78,"column":0},"end":{"line":78,"column":41}},"78":{"start":{"line":79,"column":0},"end":{"line":79,"column":25}},"79":{"start":{"line":80,"column":0},"end":{"line":80,"column":41}},"81":{"start":{"line":82,"column":0},"end":{"line":82,"column":35}},"82":{"start":{"line":83,"column":0},"end":{"line":83,"column":31}},"83":{"start":{"line":84,"column":0},"end":{"line":84,"column":39}},"85":{"start":{"line":86,"column":0},"end":{"line":86,"column":40}},"86":{"start":{"line":87,"column":0},"end":{"line":87,"column":32}},"88":{"start":{"line":89,"column":0},"end":{"line":89,"column":27}},"89":{"start":{"line":90,"column":0},"end":{"line":90,"column":20}},"91":{"start":{"line":92,"column":0},"end":{"line":92,"column":24}},"92":{"start":{"line":93,"column":0},"end":{"line":93,"column":36}},"93":{"start":{"line":94,"column":0},"end":{"line":94,"column":47}},"94":{"start":{"line":95,"column":0},"end":{"line":95,"column":43}},"95":{"start":{"line":96,"column":0},"end":{"line":96,"column":75}},"97":{"start":{"line":98,"column":0},"end":{"line":98,"column":24}},"98":{"start":{"line":99,"column":0},"end":{"line":99,"column":30}},"99":{"start":{"line":100,"column":0},"end":{"line":100,"column":37}},"100":{"start":{"line":101,"column":0},"end":{"line":101,"column":24}},"101":{"start":{"line":102,"column":0},"end":{"line":102,"column":33}},"102":{"start":{"line":103,"column":0},"end":{"line":103,"column":43}},"103":{"start":{"line":104,"column":0},"end":{"line":104,"column":37}},"105":{"start":{"line":106,"column":0},"end":{"line":106,"column":61}},"106":{"start":{"line":107,"column":0},"end":{"line":107,"column":62}},"107":{"start":{"line":108,"column":0},"end":{"line":108,"column":32}},"108":{"start":{"line":109,"column":0},"end":{"line":109,"column":20}},"109":{"start":{"line":110,"column":0},"end":{"line":110,"column":20}},"111":{"start":{"line":112,"column":0},"end":{"line":112,"column":26}},"112":{"start":{"line":113,"column":0},"end":{"line":113,"column":36}},"113":{"start":{"line":114,"column":0},"end":{"line":114,"column":47}},"114":{"start":{"line":115,"column":0},"end":{"line":115,"column":43}},"115":{"start":{"line":116,"column":0},"end":{"line":116,"column":80}},"117":{"start":{"line":118,"column":0},"end":{"line":118,"column":24}},"118":{"start":{"line":119,"column":0},"end":{"line":119,"column":30}},"119":{"start":{"line":120,"column":0},"end":{"line":120,"column":48}},"120":{"start":{"line":121,"column":0},"end":{"line":121,"column":24}},"121":{"start":{"line":122,"column":0},"end":{"line":122,"column":33}},"122":{"start":{"line":123,"column":0},"end":{"line":123,"column":43}},"123":{"start":{"line":124,"column":0},"end":{"line":124,"column":37}},"125":{"start":{"line":126,"column":0},"end":{"line":126,"column":62}},"126":{"start":{"line":127,"column":0},"end":{"line":127,"column":63}},"127":{"start":{"line":128,"column":0},"end":{"line":128,"column":32}},"128":{"start":{"line":129,"column":0},"end":{"line":129,"column":20}},"129":{"start":{"line":130,"column":0},"end":{"line":130,"column":20}},"131":{"start":{"line":132,"column":0},"end":{"line":132,"column":23}},"132":{"start":{"line":133,"column":0},"end":{"line":133,"column":36}},"133":{"start":{"line":134,"column":0},"end":{"line":134,"column":47}},"134":{"start":{"line":135,"column":0},"end":{"line":135,"column":43}},"135":{"start":{"line":136,"column":0},"end":{"line":136,"column":71}},"137":{"start":{"line":138,"column":0},"end":{"line":138,"column":24}},"138":{"start":{"line":139,"column":0},"end":{"line":139,"column":30}},"139":{"start":{"line":140,"column":0},"end":{"line":140,"column":39}},"140":{"start":{"line":141,"column":0},"end":{"line":141,"column":24}},"141":{"start":{"line":142,"column":0},"end":{"line":142,"column":43}},"142":{"start":{"line":143,"column":0},"end":{"line":143,"column":37}},"144":{"start":{"line":145,"column":0},"end":{"line":145,"column":78}},"145":{"start":{"line":146,"column":0},"end":{"line":146,"column":77}},"146":{"start":{"line":147,"column":0},"end":{"line":147,"column":32}},"147":{"start":{"line":148,"column":0},"end":{"line":148,"column":20}},"148":{"start":{"line":149,"column":0},"end":{"line":149,"column":20}},"150":{"start":{"line":151,"column":0},"end":{"line":151,"column":36}},"151":{"start":{"line":152,"column":0},"end":{"line":152,"column":69}},"152":{"start":{"line":153,"column":0},"end":{"line":153,"column":23}},"153":{"start":{"line":154,"column":0},"end":{"line":154,"column":35}},"154":{"start":{"line":155,"column":0},"end":{"line":155,"column":30}},"155":{"start":{"line":156,"column":0},"end":{"line":156,"column":34}},"156":{"start":{"line":157,"column":0},"end":{"line":157,"column":34}},"157":{"start":{"line":158,"column":0},"end":{"line":158,"column":27}},"158":{"start":{"line":159,"column":0},"end":{"line":159,"column":46}},"159":{"start":{"line":160,"column":0},"end":{"line":160,"column":34}},"160":{"start":{"line":161,"column":0},"end":{"line":161,"column":31}},"161":{"start":{"line":162,"column":0},"end":{"line":162,"column":74}},"162":{"start":{"line":163,"column":0},"end":{"line":163,"column":16}},"163":{"start":{"line":164,"column":0},"end":{"line":164,"column":20}},"165":{"start":{"line":166,"column":0},"end":{"line":166,"column":36}},"166":{"start":{"line":167,"column":0},"end":{"line":167,"column":69}},"167":{"start":{"line":168,"column":0},"end":{"line":168,"column":27}},"168":{"start":{"line":169,"column":0},"end":{"line":169,"column":48}},"169":{"start":{"line":170,"column":0},"end":{"line":170,"column":27}},"170":{"start":{"line":171,"column":0},"end":{"line":171,"column":51}},"171":{"start":{"line":172,"column":0},"end":{"line":172,"column":34}},"172":{"start":{"line":173,"column":0},"end":{"line":173,"column":28}},"173":{"start":{"line":174,"column":0},"end":{"line":174,"column":29}},"174":{"start":{"line":175,"column":0},"end":{"line":175,"column":23}},"175":{"start":{"line":176,"column":0},"end":{"line":176,"column":37}},"176":{"start":{"line":177,"column":0},"end":{"line":177,"column":88}},"177":{"start":{"line":178,"column":0},"end":{"line":178,"column":16}},"178":{"start":{"line":179,"column":0},"end":{"line":179,"column":20}},"180":{"start":{"line":181,"column":0},"end":{"line":181,"column":33}},"181":{"start":{"line":182,"column":0},"end":{"line":182,"column":67}},"182":{"start":{"line":183,"column":0},"end":{"line":183,"column":27}},"183":{"start":{"line":184,"column":0},"end":{"line":184,"column":46}},"184":{"start":{"line":185,"column":0},"end":{"line":185,"column":30}},"185":{"start":{"line":186,"column":0},"end":{"line":186,"column":55}},"186":{"start":{"line":187,"column":0},"end":{"line":187,"column":34}},"187":{"start":{"line":188,"column":0},"end":{"line":188,"column":31}},"188":{"start":{"line":189,"column":0},"end":{"line":189,"column":29}},"189":{"start":{"line":190,"column":0},"end":{"line":190,"column":23}},"190":{"start":{"line":191,"column":0},"end":{"line":191,"column":38}},"191":{"start":{"line":192,"column":0},"end":{"line":192,"column":86}},"192":{"start":{"line":193,"column":0},"end":{"line":193,"column":16}},"193":{"start":{"line":194,"column":0},"end":{"line":194,"column":20}},"195":{"start":{"line":196,"column":0},"end":{"line":196,"column":34}},"196":{"start":{"line":197,"column":0},"end":{"line":197,"column":85}},"197":{"start":{"line":198,"column":0},"end":{"line":198,"column":27}},"198":{"start":{"line":199,"column":0},"end":{"line":199,"column":42}},"199":{"start":{"line":200,"column":0},"end":{"line":200,"column":28}},"200":{"start":{"line":201,"column":0},"end":{"line":201,"column":49}},"201":{"start":{"line":202,"column":0},"end":{"line":202,"column":34}},"202":{"start":{"line":203,"column":0},"end":{"line":203,"column":37}},"203":{"start":{"line":204,"column":0},"end":{"line":204,"column":41}},"204":{"start":{"line":205,"column":0},"end":{"line":205,"column":16}},"205":{"start":{"line":206,"column":0},"end":{"line":206,"column":20}},"207":{"start":{"line":208,"column":0},"end":{"line":208,"column":23}},"208":{"start":{"line":209,"column":0},"end":{"line":209,"column":29}},"209":{"start":{"line":210,"column":0},"end":{"line":210,"column":25}},"210":{"start":{"line":211,"column":0},"end":{"line":211,"column":36}},"211":{"start":{"line":212,"column":0},"end":{"line":212,"column":26}},"212":{"start":{"line":213,"column":0},"end":{"line":213,"column":50}},"213":{"start":{"line":214,"column":0},"end":{"line":214,"column":34}},"214":{"start":{"line":215,"column":0},"end":{"line":215,"column":24}},"215":{"start":{"line":216,"column":0},"end":{"line":216,"column":30}},"216":{"start":{"line":217,"column":0},"end":{"line":217,"column":40}},"217":{"start":{"line":218,"column":0},"end":{"line":218,"column":42}},"218":{"start":{"line":219,"column":0},"end":{"line":219,"column":16}},"219":{"start":{"line":220,"column":0},"end":{"line":220,"column":20}},"220":{"start":{"line":221,"column":0},"end":{"line":221,"column":18}},"221":{"start":{"line":222,"column":0},"end":{"line":222,"column":17}},"222":{"start":{"line":223,"column":0},"end":{"line":223,"column":20}},"224":{"start":{"line":225,"column":0},"end":{"line":225,"column":19}},"226":{"start":{"line":227,"column":0},"end":{"line":227,"column":35}},"227":{"start":{"line":228,"column":0},"end":{"line":228,"column":20}},"228":{"start":{"line":229,"column":0},"end":{"line":229,"column":66}},"229":{"start":{"line":230,"column":0},"end":{"line":230,"column":72}},"230":{"start":{"line":231,"column":0},"end":{"line":231,"column":49}},"231":{"start":{"line":232,"column":0},"end":{"line":232,"column":36}},"232":{"start":{"line":233,"column":0},"end":{"line":233,"column":16}},"233":{"start":{"line":234,"column":0},"end":{"line":234,"column":23}},"234":{"start":{"line":235,"column":0},"end":{"line":235,"column":13}},"235":{"start":{"line":236,"column":0},"end":{"line":236,"column":13}},"239":{"start":{"line":240,"column":0},"end":{"line":240,"column":43}},"240":{"start":{"line":241,"column":0},"end":{"line":241,"column":37}},"242":{"start":{"line":243,"column":0},"end":{"line":243,"column":61}},"243":{"start":{"line":244,"column":0},"end":{"line":244,"column":38}},"252":{"start":{"line":253,"column":0},"end":{"line":253,"column":33}},"253":{"start":{"line":254,"column":0},"end":{"line":254,"column":26}},"254":{"start":{"line":255,"column":0},"end":{"line":255,"column":21}},"256":{"start":{"line":257,"column":0},"end":{"line":257,"column":50}},"259":{"start":{"line":260,"column":0},"end":{"line":260,"column":57}},"261":{"start":{"line":262,"column":0},"end":{"line":262,"column":49}},"263":{"start":{"line":264,"column":0},"end":{"line":264,"column":22}},"264":{"start":{"line":265,"column":0},"end":{"line":265,"column":27}},"265":{"start":{"line":266,"column":0},"end":{"line":266,"column":32}},"266":{"start":{"line":267,"column":0},"end":{"line":267,"column":38}},"267":{"start":{"line":268,"column":0},"end":{"line":268,"column":109}},"270":{"start":{"line":271,"column":0},"end":{"line":271,"column":55}},"271":{"start":{"line":272,"column":0},"end":{"line":272,"column":61}},"273":{"start":{"line":274,"column":0},"end":{"line":274,"column":47}},"274":{"start":{"line":275,"column":0},"end":{"line":275,"column":25}},"275":{"start":{"line":276,"column":0},"end":{"line":276,"column":33}},"276":{"start":{"line":277,"column":0},"end":{"line":277,"column":60}},"277":{"start":{"line":278,"column":0},"end":{"line":278,"column":53}},"278":{"start":{"line":279,"column":0},"end":{"line":279,"column":56}},"279":{"start":{"line":280,"column":0},"end":{"line":280,"column":60}},"280":{"start":{"line":281,"column":0},"end":{"line":281,"column":55}},"281":{"start":{"line":282,"column":0},"end":{"line":282,"column":2}},"283":{"start":{"line":284,"column":0},"end":{"line":284,"column":39}},"284":{"start":{"line":285,"column":0},"end":{"line":285,"column":10}},"285":{"start":{"line":286,"column":0},"end":{"line":286,"column":18}},"286":{"start":{"line":287,"column":0},"end":{"line":287,"column":26}},"287":{"start":{"line":288,"column":0},"end":{"line":288,"column":17}},"288":{"start":{"line":289,"column":0},"end":{"line":289,"column":22}},"289":{"start":{"line":290,"column":0},"end":{"line":290,"column":20}},"290":{"start":{"line":291,"column":0},"end":{"line":291,"column":26}},"291":{"start":{"line":292,"column":0},"end":{"line":292,"column":24}},"292":{"start":{"line":293,"column":0},"end":{"line":293,"column":15}},"293":{"start":{"line":294,"column":0},"end":{"line":294,"column":26}},"294":{"start":{"line":295,"column":0},"end":{"line":295,"column":43}},"295":{"start":{"line":296,"column":0},"end":{"line":296,"column":14}},"296":{"start":{"line":297,"column":0},"end":{"line":297,"column":4}},"297":{"start":{"line":298,"column":0},"end":{"line":298,"column":2}},"299":{"start":{"line":300,"column":0},"end":{"line":300,"column":44}},"301":{"start":{"line":302,"column":0},"end":{"line":302,"column":44}},"303":{"start":{"line":304,"column":0},"end":{"line":304,"column":15}},"304":{"start":{"line":305,"column":0},"end":{"line":305,"column":80}},"305":{"start":{"line":306,"column":0},"end":{"line":306,"column":65}},"306":{"start":{"line":307,"column":0},"end":{"line":307,"column":74}},"307":{"start":{"line":308,"column":0},"end":{"line":308,"column":2}},"310":{"start":{"line":311,"column":0},"end":{"line":311,"column":63}},"313":{"start":{"line":314,"column":0},"end":{"line":314,"column":31}},"314":{"start":{"line":315,"column":0},"end":{"line":315,"column":2}},"317":{"start":{"line":318,"column":0},"end":{"line":318,"column":59}},"320":{"start":{"line":321,"column":0},"end":{"line":321,"column":62}},"321":{"start":{"line":322,"column":0},"end":{"line":322,"column":2}},"324":{"start":{"line":325,"column":0},"end":{"line":325,"column":32}},"325":{"start":{"line":326,"column":0},"end":{"line":326,"column":7}},"327":{"start":{"line":328,"column":0},"end":{"line":328,"column":37}},"328":{"start":{"line":329,"column":0},"end":{"line":329,"column":47}},"330":{"start":{"line":331,"column":0},"end":{"line":331,"column":72}},"331":{"start":{"line":332,"column":0},"end":{"line":332,"column":53}},"332":{"start":{"line":333,"column":0},"end":{"line":333,"column":52}},"333":{"start":{"line":334,"column":0},"end":{"line":334,"column":7}},"335":{"start":{"line":336,"column":0},"end":{"line":336,"column":41}},"336":{"start":{"line":337,"column":0},"end":{"line":337,"column":53}},"337":{"start":{"line":338,"column":0},"end":{"line":338,"column":19}},"338":{"start":{"line":339,"column":0},"end":{"line":339,"column":51}},"339":{"start":{"line":340,"column":0},"end":{"line":340,"column":3}},"340":{"start":{"line":341,"column":0},"end":{"line":341,"column":2}},"342":{"start":{"line":343,"column":0},"end":{"line":343,"column":39}},"343":{"start":{"line":344,"column":0},"end":{"line":344,"column":7}},"344":{"start":{"line":345,"column":0},"end":{"line":345,"column":60}},"345":{"start":{"line":346,"column":0},"end":{"line":346,"column":39}},"346":{"start":{"line":347,"column":0},"end":{"line":347,"column":19}},"347":{"start":{"line":348,"column":0},"end":{"line":348,"column":59}},"348":{"start":{"line":349,"column":0},"end":{"line":349,"column":28}},"349":{"start":{"line":350,"column":0},"end":{"line":350,"column":3}},"350":{"start":{"line":351,"column":0},"end":{"line":351,"column":2}},"353":{"start":{"line":354,"column":0},"end":{"line":354,"column":97}},"354":{"start":{"line":355,"column":0},"end":{"line":355,"column":7}},"355":{"start":{"line":356,"column":0},"end":{"line":356,"column":36}},"358":{"start":{"line":359,"column":0},"end":{"line":359,"column":67}},"359":{"start":{"line":360,"column":0},"end":{"line":360,"column":67}},"360":{"start":{"line":361,"column":0},"end":{"line":361,"column":23}},"361":{"start":{"line":362,"column":0},"end":{"line":362,"column":29}},"362":{"start":{"line":363,"column":0},"end":{"line":363,"column":5}},"365":{"start":{"line":366,"column":0},"end":{"line":366,"column":48}},"366":{"start":{"line":367,"column":0},"end":{"line":367,"column":24}},"367":{"start":{"line":368,"column":0},"end":{"line":368,"column":30}},"368":{"start":{"line":369,"column":0},"end":{"line":369,"column":7}},"370":{"start":{"line":371,"column":0},"end":{"line":371,"column":34}},"371":{"start":{"line":372,"column":0},"end":{"line":372,"column":54}},"372":{"start":{"line":373,"column":0},"end":{"line":373,"column":68}},"374":{"start":{"line":375,"column":0},"end":{"line":375,"column":22}},"375":{"start":{"line":376,"column":0},"end":{"line":376,"column":24}},"377":{"start":{"line":378,"column":0},"end":{"line":378,"column":41}},"378":{"start":{"line":379,"column":0},"end":{"line":379,"column":69}},"379":{"start":{"line":380,"column":0},"end":{"line":380,"column":69}},"380":{"start":{"line":381,"column":0},"end":{"line":381,"column":25}},"381":{"start":{"line":382,"column":0},"end":{"line":382,"column":31}},"382":{"start":{"line":383,"column":0},"end":{"line":383,"column":7}},"383":{"start":{"line":384,"column":0},"end":{"line":384,"column":5}},"384":{"start":{"line":385,"column":0},"end":{"line":385,"column":51}},"385":{"start":{"line":386,"column":0},"end":{"line":386,"column":16}},"386":{"start":{"line":387,"column":0},"end":{"line":387,"column":3}},"387":{"start":{"line":388,"column":0},"end":{"line":388,"column":2}},"390":{"start":{"line":391,"column":0},"end":{"line":391,"column":29}},"391":{"start":{"line":392,"column":0},"end":{"line":392,"column":33}},"392":{"start":{"line":393,"column":0},"end":{"line":393,"column":22}},"393":{"start":{"line":394,"column":0},"end":{"line":394,"column":30}},"394":{"start":{"line":395,"column":0},"end":{"line":395,"column":18}},"395":{"start":{"line":396,"column":0},"end":{"line":396,"column":16}},"396":{"start":{"line":397,"column":0},"end":{"line":397,"column":3}},"399":{"start":{"line":400,"column":0},"end":{"line":400,"column":52}},"400":{"start":{"line":401,"column":0},"end":{"line":401,"column":23}},"401":{"start":{"line":402,"column":0},"end":{"line":402,"column":3}},"404":{"start":{"line":405,"column":0},"end":{"line":405,"column":56}},"405":{"start":{"line":406,"column":0},"end":{"line":406,"column":58}},"406":{"start":{"line":407,"column":0},"end":{"line":407,"column":3}},"408":{"start":{"line":409,"column":0},"end":{"line":409,"column":14}},"409":{"start":{"line":410,"column":0},"end":{"line":410,"column":2}},"412":{"start":{"line":413,"column":0},"end":{"line":413,"column":6}},"413":{"start":{"line":414,"column":0},"end":{"line":414,"column":25}},"414":{"start":{"line":415,"column":0},"end":{"line":415,"column":23}},"415":{"start":{"line":416,"column":0},"end":{"line":416,"column":19}},"416":{"start":{"line":417,"column":0},"end":{"line":417,"column":25}},"417":{"start":{"line":418,"column":0},"end":{"line":418,"column":23}},"420":{"start":{"line":421,"column":0},"end":{"line":421,"column":73}},"422":{"start":{"line":423,"column":0},"end":{"line":423,"column":22}},"423":{"start":{"line":424,"column":0},"end":{"line":424,"column":38}},"424":{"start":{"line":425,"column":0},"end":{"line":425,"column":54}},"425":{"start":{"line":426,"column":0},"end":{"line":426,"column":36}},"426":{"start":{"line":427,"column":0},"end":{"line":427,"column":42}},"427":{"start":{"line":428,"column":0},"end":{"line":428,"column":32}},"428":{"start":{"line":429,"column":0},"end":{"line":429,"column":44}},"429":{"start":{"line":430,"column":0},"end":{"line":430,"column":40}},"430":{"start":{"line":431,"column":0},"end":{"line":431,"column":32}},"431":{"start":{"line":432,"column":0},"end":{"line":432,"column":54}},"432":{"start":{"line":433,"column":0},"end":{"line":433,"column":37}},"433":{"start":{"line":434,"column":0},"end":{"line":434,"column":40}},"434":{"start":{"line":435,"column":0},"end":{"line":435,"column":10}},"437":{"start":{"line":438,"column":0},"end":{"line":438,"column":95}},"438":{"start":{"line":439,"column":0},"end":{"line":439,"column":36}},"439":{"start":{"line":440,"column":0},"end":{"line":440,"column":88}},"440":{"start":{"line":441,"column":0},"end":{"line":441,"column":14}},"442":{"start":{"line":443,"column":0},"end":{"line":443,"column":34}},"443":{"start":{"line":444,"column":0},"end":{"line":444,"column":35}},"444":{"start":{"line":445,"column":0},"end":{"line":445,"column":53}},"445":{"start":{"line":446,"column":0},"end":{"line":446,"column":36}},"446":{"start":{"line":447,"column":0},"end":{"line":447,"column":42}},"449":{"start":{"line":450,"column":0},"end":{"line":450,"column":64}},"450":{"start":{"line":451,"column":0},"end":{"line":451,"column":21}},"451":{"start":{"line":452,"column":0},"end":{"line":452,"column":48}},"452":{"start":{"line":453,"column":0},"end":{"line":453,"column":59}},"453":{"start":{"line":454,"column":0},"end":{"line":454,"column":55}},"454":{"start":{"line":455,"column":0},"end":{"line":455,"column":65}},"455":{"start":{"line":456,"column":0},"end":{"line":456,"column":53}},"456":{"start":{"line":457,"column":0},"end":{"line":457,"column":61}},"457":{"start":{"line":458,"column":0},"end":{"line":458,"column":11}},"458":{"start":{"line":459,"column":0},"end":{"line":459,"column":92}},"459":{"start":{"line":460,"column":0},"end":{"line":460,"column":16}},"461":{"start":{"line":462,"column":0},"end":{"line":462,"column":48}},"462":{"start":{"line":463,"column":0},"end":{"line":463,"column":43}},"463":{"start":{"line":464,"column":0},"end":{"line":464,"column":55}},"464":{"start":{"line":465,"column":0},"end":{"line":465,"column":49}},"465":{"start":{"line":466,"column":0},"end":{"line":466,"column":53}},"466":{"start":{"line":467,"column":0},"end":{"line":467,"column":45}},"467":{"start":{"line":468,"column":0},"end":{"line":468,"column":11}},"468":{"start":{"line":469,"column":0},"end":{"line":469,"column":38}},"469":{"start":{"line":470,"column":0},"end":{"line":470,"column":44}},"470":{"start":{"line":471,"column":0},"end":{"line":471,"column":9}},"471":{"start":{"line":472,"column":0},"end":{"line":472,"column":7}},"472":{"start":{"line":473,"column":0},"end":{"line":473,"column":5}},"473":{"start":{"line":474,"column":0},"end":{"line":474,"column":4}},"474":{"start":{"line":475,"column":0},"end":{"line":475,"column":2}},"477":{"start":{"line":478,"column":0},"end":{"line":478,"column":6}},"478":{"start":{"line":479,"column":0},"end":{"line":479,"column":29}},"479":{"start":{"line":480,"column":0},"end":{"line":480,"column":16}},"481":{"start":{"line":482,"column":0},"end":{"line":482,"column":29}},"483":{"start":{"line":484,"column":0},"end":{"line":484,"column":32}},"484":{"start":{"line":485,"column":0},"end":{"line":485,"column":38}},"485":{"start":{"line":486,"column":0},"end":{"line":486,"column":36}},"487":{"start":{"line":488,"column":0},"end":{"line":488,"column":47}},"488":{"start":{"line":489,"column":0},"end":{"line":489,"column":17}},"489":{"start":{"line":490,"column":0},"end":{"line":490,"column":31}},"490":{"start":{"line":491,"column":0},"end":{"line":491,"column":55}},"491":{"start":{"line":492,"column":0},"end":{"line":492,"column":38}},"492":{"start":{"line":493,"column":0},"end":{"line":493,"column":61}},"493":{"start":{"line":494,"column":0},"end":{"line":494,"column":36}},"494":{"start":{"line":495,"column":0},"end":{"line":495,"column":57}},"495":{"start":{"line":496,"column":0},"end":{"line":496,"column":7}},"496":{"start":{"line":497,"column":0},"end":{"line":497,"column":88}},"497":{"start":{"line":498,"column":0},"end":{"line":498,"column":12}},"499":{"start":{"line":500,"column":0},"end":{"line":500,"column":31}},"500":{"start":{"line":501,"column":0},"end":{"line":501,"column":39}},"501":{"start":{"line":502,"column":0},"end":{"line":502,"column":38}},"502":{"start":{"line":503,"column":0},"end":{"line":503,"column":45}},"503":{"start":{"line":504,"column":0},"end":{"line":504,"column":36}},"504":{"start":{"line":505,"column":0},"end":{"line":505,"column":41}},"505":{"start":{"line":506,"column":0},"end":{"line":506,"column":7}},"506":{"start":{"line":507,"column":0},"end":{"line":507,"column":34}},"507":{"start":{"line":508,"column":0},"end":{"line":508,"column":40}},"508":{"start":{"line":509,"column":0},"end":{"line":509,"column":5}},"509":{"start":{"line":510,"column":0},"end":{"line":510,"column":4}},"510":{"start":{"line":511,"column":0},"end":{"line":511,"column":2}},"512":{"start":{"line":513,"column":0},"end":{"line":513,"column":34}},"513":{"start":{"line":514,"column":0},"end":{"line":514,"column":51}},"514":{"start":{"line":515,"column":0},"end":{"line":515,"column":21}},"516":{"start":{"line":517,"column":0},"end":{"line":517,"column":23}},"518":{"start":{"line":519,"column":0},"end":{"line":519,"column":7}},"520":{"start":{"line":521,"column":0},"end":{"line":521,"column":70}},"521":{"start":{"line":522,"column":0},"end":{"line":522,"column":81}},"523":{"start":{"line":524,"column":0},"end":{"line":524,"column":39}},"524":{"start":{"line":525,"column":0},"end":{"line":525,"column":47}},"525":{"start":{"line":526,"column":0},"end":{"line":526,"column":28}},"526":{"start":{"line":527,"column":0},"end":{"line":527,"column":13}},"527":{"start":{"line":528,"column":0},"end":{"line":528,"column":5}},"530":{"start":{"line":531,"column":0},"end":{"line":531,"column":24}},"531":{"start":{"line":532,"column":0},"end":{"line":532,"column":57}},"532":{"start":{"line":533,"column":0},"end":{"line":533,"column":5}},"535":{"start":{"line":536,"column":0},"end":{"line":536,"column":24}},"536":{"start":{"line":537,"column":0},"end":{"line":537,"column":20}},"537":{"start":{"line":538,"column":0},"end":{"line":538,"column":24}},"538":{"start":{"line":539,"column":0},"end":{"line":539,"column":38}},"539":{"start":{"line":540,"column":0},"end":{"line":540,"column":62}},"540":{"start":{"line":541,"column":0},"end":{"line":541,"column":6}},"542":{"start":{"line":543,"column":0},"end":{"line":543,"column":37}},"543":{"start":{"line":544,"column":0},"end":{"line":544,"column":59}},"544":{"start":{"line":545,"column":0},"end":{"line":545,"column":47}},"545":{"start":{"line":546,"column":0},"end":{"line":546,"column":12}},"546":{"start":{"line":547,"column":0},"end":{"line":547,"column":44}},"547":{"start":{"line":548,"column":0},"end":{"line":548,"column":47}},"548":{"start":{"line":549,"column":0},"end":{"line":549,"column":5}},"550":{"start":{"line":551,"column":0},"end":{"line":551,"column":18}},"551":{"start":{"line":552,"column":0},"end":{"line":552,"column":18}},"552":{"start":{"line":553,"column":0},"end":{"line":553,"column":19}},"553":{"start":{"line":554,"column":0},"end":{"line":554,"column":49}},"554":{"start":{"line":555,"column":0},"end":{"line":555,"column":13}},"555":{"start":{"line":556,"column":0},"end":{"line":556,"column":26}},"556":{"start":{"line":557,"column":0},"end":{"line":557,"column":3}},"557":{"start":{"line":558,"column":0},"end":{"line":558,"column":2}},"559":{"start":{"line":560,"column":0},"end":{"line":560,"column":27}},"560":{"start":{"line":561,"column":0},"end":{"line":561,"column":35}},"561":{"start":{"line":562,"column":0},"end":{"line":562,"column":35}},"562":{"start":{"line":563,"column":0},"end":{"line":563,"column":30}},"563":{"start":{"line":564,"column":0},"end":{"line":564,"column":36}},"564":{"start":{"line":565,"column":0},"end":{"line":565,"column":2}}},"s":{"1":1,"2":1,"3":1,"4":1,"5":1,"6":1,"8":1,"9":1,"11":1,"12":1,"13":4,"14":1,"16":1,"18":1,"19":1,"20":1,"21":1,"22":1,"23":8,"24":1,"25":1,"26":1,"27":8,"28":1,"29":1,"30":1,"31":8,"32":1,"33":1,"34":1,"35":8,"36":1,"37":1,"39":1,"40":1,"41":1,"42":1,"43":1,"44":1,"45":1,"46":1,"47":1,"48":1,"49":1,"50":1,"51":1,"52":1,"53":1,"54":1,"56":1,"57":1,"58":1,"60":1,"61":1,"63":1,"64":1,"66":1,"67":1,"68":1,"69":1,"70":1,"71":1,"72":1,"73":1,"74":1,"75":1,"76":1,"77":1,"78":1,"79":1,"81":1,"82":1,"83":1,"85":1,"86":1,"88":1,"89":1,"91":1,"92":1,"93":1,"94":1,"95":1,"97":1,"98":1,"99":1,"100":1,"101":1,"102":1,"103":1,"105":1,"106":1,"107":1,"108":1,"109":1,"111":1,"112":1,"113":1,"114":1,"115":1,"117":1,"118":1,"119":1,"120":1,"121":1,"122":1,"123":1,"125":1,"126":1,"127":1,"128":1,"129":1,"131":1,"132":1,"133":1,"134":1,"135":1,"137":1,"138":1,"139":1,"140":1,"141":1,"142":1,"144":1,"145":1,"146":1,"147":1,"148":1,"150":1,"151":1,"152":1,"153":1,"154":1,"155":1,"156":1,"157":1,"158":1,"159":1,"160":1,"161":1,"162":1,"163":1,"165":1,"166":1,"167":1,"168":1,"169":1,"170":1,"171":1,"172":1,"173":1,"174":1,"175":1,"176":1,"177":1,"178":1,"180":1,"181":1,"182":1,"183":1,"184":1,"185":1,"186":1,"187":1,"188":1,"189":1,"190":1,"191":1,"192":1,"193":1,"195":1,"196":1,"197":1,"198":1,"199":1,"200":1,"201":1,"202":1,"203":1,"204":1,"205":1,"207":1,"208":1,"209":1,"210":1,"211":1,"212":1,"213":1,"214":1,"215":1,"216":1,"217":1,"218":1,"219":1,"220":1,"221":1,"222":1,"224":1,"226":1,"227":1,"228":1,"229":1,"230":1,"231":4,"232":1,"233":1,"234":1,"235":1,"239":1,"240":1,"242":1,"243":1,"252":1,"253":1,"254":1,"256":1,"259":1,"261":1,"263":1,"264":1,"265":1,"266":1,"267":1,"270":1,"271":1,"273":1,"274":5,"275":5,"276":5,"277":5,"278":5,"279":5,"280":5,"281":5,"283":1,"284":5,"285":5,"286":5,"287":5,"288":5,"289":5,"290":5,"291":5,"292":5,"293":5,"294":5,"295":5,"296":5,"297":5,"299":1,"301":1,"303":1,"304":1,"305":1,"306":1,"307":1,"310":1,"313":0,"314":0,"317":1,"320":0,"321":0,"324":1,"325":0,"327":0,"328":0,"330":0,"331":0,"332":0,"333":0,"335":0,"336":0,"337":0,"338":0,"339":0,"340":0,"342":1,"343":0,"344":0,"345":0,"346":0,"347":0,"348":0,"349":0,"350":0,"353":1,"354":0,"355":0,"358":0,"359":0,"360":0,"361":0,"362":0,"365":0,"366":0,"367":0,"368":0,"370":0,"371":0,"372":0,"374":0,"375":0,"377":0,"378":0,"379":0,"380":0,"381":0,"382":0,"383":0,"384":0,"385":0,"386":0,"387":0,"390":1,"391":0,"392":0,"393":0,"394":0,"395":0,"396":0,"399":0,"400":0,"401":0,"404":0,"405":0,"406":0,"408":0,"409":0,"412":1,"413":1,"414":1,"415":0,"416":0,"417":0,"420":0,"422":0,"423":0,"424":0,"425":0,"426":0,"427":0,"428":0,"429":0,"430":0,"431":0,"432":0,"433":0,"434":0,"437":0,"438":0,"439":0,"440":0,"442":0,"443":0,"444":0,"445":0,"446":0,"449":0,"450":0,"451":0,"452":0,"453":0,"454":0,"455":0,"456":0,"457":0,"458":0,"459":0,"461":0,"462":0,"463":0,"464":0,"465":0,"466":0,"467":0,"468":0,"469":0,"470":0,"471":0,"472":0,"473":0,"474":1,"477":1,"478":1,"479":1,"481":0,"483":0,"484":0,"485":0,"487":0,"488":0,"489":0,"490":0,"491":0,"492":0,"493":0,"494":0,"495":0,"496":0,"497":0,"499":0,"500":0,"501":0,"502":0,"503":0,"504":0,"505":0,"506":0,"507":0,"508":0,"509":0,"510":1,"512":1,"513":0,"514":0,"516":0,"518":0,"520":0,"521":0,"523":0,"524":0,"525":0,"526":0,"527":0,"530":0,"531":0,"532":0,"535":0,"536":0,"537":0,"538":0,"539":0,"540":0,"542":0,"543":0,"544":0,"545":0,"546":0,"547":0,"548":0,"550":0,"551":0,"552":0,"553":0,"554":0,"555":0,"556":0,"557":0,"559":1,"560":1,"561":1,"562":1,"563":1,"564":1},"branchMap":{"0":{"type":"branch","line":274,"loc":{"start":{"line":274,"column":32},"end":{"line":282,"column":2}},"locations":[{"start":{"line":274,"column":32},"end":{"line":282,"column":2}}]},"1":{"type":"branch","line":284,"loc":{"start":{"line":284,"column":20},"end":{"line":298,"column":2}},"locations":[{"start":{"line":284,"column":20},"end":{"line":298,"column":2}}]},"2":{"type":"branch","line":302,"loc":{"start":{"line":302,"column":24},"end":{"line":302,"column":42}},"locations":[{"start":{"line":302,"column":24},"end":{"line":302,"column":42}}]},"3":{"type":"branch","line":305,"loc":{"start":{"line":305,"column":12},"end":{"line":305,"column":80}},"locations":[{"start":{"line":305,"column":12},"end":{"line":305,"column":80}}]},"4":{"type":"branch","line":305,"loc":{"start":{"line":305,"column":31},"end":{"line":305,"column":58}},"locations":[{"start":{"line":305,"column":31},"end":{"line":305,"column":58}}]},"5":{"type":"branch","line":305,"loc":{"start":{"line":305,"column":45},"end":{"line":305,"column":71}},"locations":[{"start":{"line":305,"column":45},"end":{"line":305,"column":71}}]},"6":{"type":"branch","line":305,"loc":{"start":{"line":305,"column":64},"end":{"line":305,"column":80}},"locations":[{"start":{"line":305,"column":64},"end":{"line":305,"column":80}}]},"7":{"type":"branch","line":307,"loc":{"start":{"line":307,"column":13},"end":{"line":307,"column":74}},"locations":[{"start":{"line":307,"column":13},"end":{"line":307,"column":74}}]},"8":{"type":"branch","line":307,"loc":{"start":{"line":307,"column":29},"end":{"line":307,"column":54}},"locations":[{"start":{"line":307,"column":29},"end":{"line":307,"column":54}}]},"9":{"type":"branch","line":307,"loc":{"start":{"line":307,"column":46},"end":{"line":307,"column":74}},"locations":[{"start":{"line":307,"column":46},"end":{"line":307,"column":74}}]},"10":{"type":"branch","line":414,"loc":{"start":{"line":414,"column":2},"end":{"line":414,"column":25}},"locations":[{"start":{"line":414,"column":2},"end":{"line":414,"column":25}}]},"11":{"type":"branch","line":479,"loc":{"start":{"line":479,"column":2},"end":{"line":479,"column":29}},"locations":[{"start":{"line":479,"column":2},"end":{"line":479,"column":29}}]},"12":{"type":"branch","line":560,"loc":{"start":{"line":560,"column":20},"end":{"line":565,"column":2}},"locations":[{"start":{"line":560,"column":20},"end":{"line":565,"column":2}}]},"13":{"type":"branch","line":13,"loc":{"start":{"line":13,"column":8},"end":{"line":14,"column":72}},"locations":[{"start":{"line":13,"column":8},"end":{"line":14,"column":72}}]},"14":{"type":"branch","line":14,"loc":{"start":{"line":14,"column":33},"end":{"line":14,"column":72}},"locations":[{"start":{"line":14,"column":33},"end":{"line
[...]
d":{"line":547,"column":3}}},"s":{"1":1,"2":1,"3":1,"5":1,"6":1,"7":1,"8":1,"9":1,"10":1,"11":1,"12":1,"13":1,"14":1,"15":1,"16":1,"18":1,"19":1,"20":1,"21":1,"23":1,"24":1,"25":1,"26":1,"27":1,"28":1,"29":1,"30":1,"31":1,"32":1,"33":1,"34":1,"35":1,"36":1,"37":1,"38":1,"39":1,"40":1,"41":1,"42":1,"43":1,"44":1,"45":1,"46":1,"47":1,"49":1,"50":1,"51":1,"52":1,"53":1,"54":1,"55":1,"56":1,"57":1,"58":1,"59":1,"60":1,"61":1,"62":1,"63":1,"64":1,"65":1,"66":1,"67":1,"68":1,"69":1,"70":1,"71":1,"72":1,"73":1,"74":1,"75":1,"76":1,"77":1,"78":1,"79":1,"80":1,"81":1,"82":1,"83":1,"84":1,"85":1,"86":1,"87":1,"88":1,"89":1,"90":1,"91":1,"92":1,"93":1,"94":1,"95":1,"96":1,"97":1,"98":1,"99":1,"100":1,"101":1,"102":1,"103":1,"104":1,"105":1,"106":1,"107":1,"108":1,"109":1,"110":1,"111":1,"112":1,"113":1,"114":1,"115":1,"117":1,"119":1,"120":1,"121":1,"122":1,"123":1,"125":1,"126":1,"127":1,"128":1,"129":1,"131":2,"132":1,"133":1,"135":2,"136":1,"137":1,"139":2,"140":1,"141":1,"143":2,"144":1,"145":1,"147":1,"148":1,"149":1,"150":1,"151":1,"152":1,"153":1,"154":1,"155":1,"156":1,"159":1,"160":1,"161":1,"162":1,"163":1,"164":1,"165":1,"166":1,"167":1,"168":1,"169":1,"170":1,"172":1,"173":1,"174":1,"175":1,"176":1,"177":1,"178":1,"179":1,"180":1,"181":1,"182":1,"184":1,"185":1,"186":0,"187":1,"188":1,"189":1,"190":1,"191":1,"193":1,"194":1,"195":1,"196":1,"198":1,"199":1,"200":1,"201":1,"202":1,"203":1,"204":1,"205":1,"206":1,"207":1,"208":1,"210":1,"211":1,"212":0,"213":1,"214":1,"215":0,"216":1,"217":1,"218":0,"219":1,"220":1,"221":1,"222":1,"223":1,"225":1,"226":1,"227":1,"228":1,"230":1,"231":1,"232":1,"233":1,"234":1,"235":1,"236":1,"237":1,"238":1,"239":1,"240":1,"241":1,"242":1,"243":1,"244":1,"245":1,"246":1,"247":1,"248":1,"249":1,"250":1,"251":1,"252":1,"253":1,"254":1,"255":1,"256":1,"257":1,"258":1,"259":1,"260":1,"264":1,"265":1,"266":1,"267":1,"269":1,"271":1,"272":1,"273":1,"274":1,"275":1,"276":1,"300":1,"301":1,"304":1,"305":1,"306":1,"307":1,"308":1,"309":1,"310":1,"311":1,"314":1,"315":1,"316":1,"317":1,"318":1,"320":1,"321":1,"323":1,"324":1,"325":1,"326":1,"328":1,"329":0,"330":0,"331":0,"332":0,"333":0,"334":0,"335":0,"338":1,"339":1,"340":1,"341":1,"342":1,"343":1,"344":1,"345":1,"346":1,"347":1,"348":1,"349":1,"350":1,"351":1,"352":1,"353":1,"354":1,"355":1,"356":1,"357":1,"358":1,"359":1,"360":1,"362":1,"363":1,"364":1,"365":1,"366":1,"367":1,"368":1,"369":1,"370":1,"371":1,"372":1,"373":1,"374":1,"375":1,"376":1,"377":1,"378":1,"379":1,"380":1,"381":1,"382":1,"383":1,"384":1,"385":1,"386":1,"387":1,"390":1,"391":1,"392":1,"393":1,"394":4,"395":4,"396":4,"397":4,"398":4,"399":4,"400":4,"401":4,"402":4,"403":4,"404":4,"405":4,"406":4,"407":1,"408":1,"409":1,"411":1,"413":1,"414":1,"415":1,"416":1,"417":1,"418":1,"419":1,"421":1,"422":0,"423":0,"424":0,"426":1,"427":1,"428":1,"430":1,"431":0,"432":0,"433":0,"434":0,"435":0,"436":1,"437":0,"438":0,"439":0,"440":0,"441":0,"442":1,"443":0,"444":0,"445":1,"447":1,"448":1,"449":1,"450":1,"452":1,"453":0,"454":0,"456":1,"457":1,"458":1,"460":1,"461":1,"462":1,"463":1,"466":1,"467":0,"468":0,"469":0,"472":1,"473":0,"474":0,"475":1,"476":0,"477":0,"479":1,"480":1,"482":1,"483":1,"484":4,"486":4,"487":4,"488":4,"489":4,"490":4,"491":4,"494":4,"497":4,"500":4,"501":4,"502":4,"503":4,"504":4,"505":4,"506":4,"507":4,"508":4,"509":4,"510":4,"511":1,"512":1,"513":0,"514":1,"515":1,"516":1,"517":1,"520":1,"521":1,"522":1,"523":1,"524":1,"525":1,"526":1,"527":1,"529":1,"530":1,"531":1,"532":1,"533":1,"535":1,"536":1,"537":1,"539":1,"540":0,"541":1,"544":1,"545":0,"546":1},"branchMap":{"0":{"type":"branch","line":307,"loc":{"start":{"line":307,"column":23},"end":{"line":310,"column":1}},"locations":[{"start":{"line":307,"column":23},"end":{"line":310,"column":1}}]},"1":{"type":"branch","line":309,"loc":{"start":{"line":309,"column":35},"end":{"line":309,"column":60}},"locations":[{"start":{"line":309,"column":35},"end":{"line":309,"column":60}}]},"2":{"type":"branch","line":311,"loc":{"start":{"line":311,"column":42},"end":{"line":311,"column":57}},"locations":[{"start":{"line":311,"column":42},"end":{"line":311,"column":57}}]},"3":{"type":"branch","line":312,"loc":{"start":{"line":312,"column":30},"end":{"line":312,"column":83}},"locations":[{"start":{"line":312,"column":30},"end":{"line":312,"column":83}}]},"4":{"type":"branch","line":339,"loc":{"start":{"line":339,"column":34},"end":{"line":361,"column":2}},"locations":[{"start":{"line":339,"column":34},"end":{"line":361,"column":2}}]},"5":{"type":"branch","line":343,"loc":{"start":{"line":343,"column":30},"end":{"line":343,"column":47}},"locations":[{"start":{"line":343,"column":30},"end":{"line":343,"column":47}}]},"6":{"type":"branch","line":349,"loc":{"start":{"line":349,"column":34},"end":{"line":349,"column":50}},"locations":[{"start":{"line":349,"column":34},"end":{"line":349,"column":50}}]},"7":{"type":"branch","line":363,"loc":{"start":{"line":363,"column":38},"end":{"line":388,"column":2}},"locations":[{"start":{"line":363,"column":38},"end":{"line":388,"column":2}}]},"8":{"type":"branch","line":372,"loc":{"start":{"line":372,"column":62},"end":{"line":372,"column":81}},"locations":[{"start":{"line":372,"column":62},"end":{"line":372,"column":81}}]},"9":{"type":"branch","line":373,"loc":{"start":{"line":373,"column":51},"end":{"line":373,"column":70}},"locations":[{"start":{"line":373,"column":51},"end":{"line":373,"column":70}}]},"10":{"type":"branch","line":375,"loc":{"start":{"line":375,"column":58},"end":{"line":375,"column":77}},"locations":[{"start":{"line":375,"column":58},"end":{"line":375,"column":77}}]},"11":{"type":"branch","line":385,"loc":{"start":{"line":385,"column":40},"end":{"line":385,"column":57}},"locations":[{"start":{"line":385,"column":40},"end":{"line":385,"column":57}}]},"12":{"type":"branch","line":387,"loc":{"start":{"line":387,"column":37},"end":{"line":387,"column":54}},"locations":[{"start":{"line":387,"column":37},"end":{"line":387,"column":54}}]},"13":{"type":"branch","line":391,"loc":{"start":{"line":391,"column":27},"end":{"line":410,"column":2}},"locations":[{"start":{"line":391,"column":27},"end":{"line":410,"column":2}}]},"14":{"type":"branch","line":394,"loc":{"start":{"line":394,"column":16},"end":{"line":408,"column":3}},"locations":[{"start":{"line":394,"column":16},"end":{"line":408,"column":3}}]},"15":{"type":"branch","line":404,"loc":{"start":{"line":404,"column":28},"end":{"line":404,"column":47}},"locations":[{"start":{"line":404,"column":28},"end":{"line":404,"column":47}}]},"16":{"type":"branch","line":404,"loc":{"start":{"line":404,"column":35},"end":{"line":404,"column":56}},"locations":[{"start":{"line":404,"column":35},"end":{"line":404,"column":56}}]},"17":{"type":"branch","line":414,"loc":{"start":{"line":414,"column":28},"end":{"line":446,"column":2}},"locations":[{"start":{"line":414,"column":28},"end":{"line":446,"column":2}}]},"18":{"type":"branch","line":422,"loc":{"start":{"line":422,"column":44},"end":{"line":425,"column":5}},"locations":[{"start":{"line":422,"column":44},"end":{"line":425,"column":5}}]},"19":{"type":"branch","line":428,"loc":{"start":{"line":428,"column":43},"end":{"line":428,"column":58}},"locations":[{"start":{"line":428,"column":43},"end":{"line":428,"column":58}}]},"20":{"type":"branch","line":429,"loc":{"start":{"line":429,"column":49},"end":{"line":429,"column":70}},"locations":[{"start":{"line":429,"column":49},"end":{"line":429,"column":70}}]},"21":{"type":"branch","line":431,"loc":{"start":{"line":431,"column":39},"end":{"line":436,"column":5}},"locations":[{"start":{"line":431,"column":39},"end":{"line":436,"column":5}}]},"22":{"type":"branch","line":437,"loc":{"start":{"line":437,"column":45},"end":{"line":442,"column":5}},"locations":[{"start":{"line":437,"column":45},"end":{"line":442,"column":5}}]},"23":{"type":"branch","line":443,"loc":{"start":{"line":443,"column":2},"end":{"line":445,"column":3}},"locations":[{"start":{"line":443,"column":2},"end":{"line":445,"column":3}}]},"24":{"type":"branch","line":448,"loc":{"start":{"line":448,"column":35},"end":{"line":451,"column":2}},"locations":[{"start":{"line":448,"column":35},"end":{"line":451,"column":2}}]},"25":{"type":"branch","line":457,"loc":{"start":{"line":457,"column":24},"end":{"line":518,"column":2}},"locations":[{"start":{"line":457,"column":24},"end":{"line":518,"column":2}}]},"26":{"type":"branch","line":467,"loc":{"start":{"line":467,"column":44},"end":{"line":470,"column":5}},"locations":[{"start":{"line":467,"column":44},"end":{"line":470,"column":5}}]},"27":{"type":"branch","line":473,"loc":{"start":{"line":473,"column":39},"end":{"line":475,"column":5}},"locations":[{"start":{"line":473,"column":39},"end":{"line":475,"column":5}}]},"28":{"type":"branch","line":476,"loc":{"start":{"line":476,"column":45},"end":{"line":478,"column":5}},"locations":[{"start":{"line":476,"column":45},"end":{"line":478,"column":5}}]},"29":{"type":"branch","line":513,"loc":{"start":{"line":513,"column":2},"end":{"line":515,"column":4}},"locations":[{"start":{"line":513,"column":2},"end":{"line":515,"column":4}}]},"30":{"type":"branch","line":484,"loc":{"start":{"line":484,"column":18},"end":{"line":512,"column":5}},"locations":[{"start":{"line":484,"column":18},"end":{"line":512,"column":5}}]},"31":{"type":"branch","line":485,"loc":{"start":{"line":485,"column":32},"end":{"line":485,"column":40}},"locations":[{"start":{"line":485,"column":32},"end":{"line":485,"column":40}}]},"32":{"type":"branch","line":487,"loc":{"start":{"line":487,"column":91},"end":{"line":487,"column":99}},"locations":[{"start":{"line":487,"column":91},"end":{"line":487,"column":99}}]},"33":{"type":"branch","line":488,"loc":{"start":{"line":488,"column":87},"end":{"line":488,"column":95}},"locations":[{"start":{"line":488,"column":87},"end":{"line":488,"column":95}}]},"34":{"type":"branch","line":495,"loc":{"start":{"line":495,"column":58},"end":{"line":495,"column":77}},"locations":[{"start":{"line":495,"column":58},"end":{"line":495,"column":77}}]},"35":{"type":"branch","line":501,"loc":{"start":{"line":501,"column":38},"end":{"line":501,"column":61}},"locations":[{"start":{"line":501,"column":38},"end":{"line":501,"column":61}}]},"36":{"type":"branch","line":509,"loc":{"start":{"line":509,"column":28},"end":{"line":509,"column":47}},"locations":[{"start":{"line":509,"column":28},"end":{"line":509,"column":47}}]},"37":{"type":"branch","line":509,"loc":{"start":{"line":509,"column":35},"end":{"line":509,"column":56}},"locations":[{"start":{"line":509,"column":35},"end":{"line":509,"column":56}}]},"38":{"type":"branch","line":536,"loc":{"start":{"line":536,"column":10},"end":{"line":538,"column":1}},"locations":[{"start":{"line":536,"column":10},"end":{"line":538,"column":1}}]},"39":{"type":"branch","line":545,"loc":{"start":{"line":545,"column":6},"end":{"line":545,"column":31}},"locations":[{"start":{"line":545,"column":6},"end":{"line":545,"column":31}}]},"40":{"type":"branch","line":54,"loc":{"start":{"line":54,"column":51},"end":{"line":54,"column":70}},"locations":[{"start":{"line":54,"column":51},"end":{"line":54,"column":70}}]},"41":{"type":"branch","line":98,"loc":{"start":{"line":98,"column":27},"end":{"line":98,"column":42}},"locations":[{"start":{"line":98,"column":27},"end":{"line":98,"column":42}}]},"42":{"type":"branch","line":118,"loc":{"start":{"line":118,"column":18},"end":{"line":120,"column":24}},"locations":[{"start":{"line":118,"column":18},"end":{"line":120,"column":24}}]},"43":{"type":"branch","line":118,"loc":{"start":{"line":118,"column":32},"end":{"line":118,"column":52}},"locations":[{"start":{"line":118,"column":32},"end":{"line":118,"column":52}}]},"44":{"type":"branch","line":130,"loc":{"start":{"line":130,"column":14},"end":{"line":132,"column":20}},"locations":[{"start":{"line":130,"column":14},"end":{"line":132,"column":20}}]},"45":{"type":"branch","line":130,"loc":{"start":{"line":130,"column":28},"end":{"line":130,"column":46}},"locations":[{"start":{"line":130,"column":28},"end":{"line":130,"column":46}}]},"46":{"type":"branch","line":130,"loc":{"start":{"line":130,"column":37},"end":{"line":130,"column":46}},"locations":[{"start":{"line":130,"column":37},"end":{"line":130,"column":46}}]},"47":{"type":"branch","line":134,"loc":{"start":{"line":134,"column":14},"end":{"line":136,"column":20}},"locations":[{"start":{"line":134,"column":14},"end":{"line":136,"column":20}}]},"48":{"type":"branch","line":134,"loc":{"start":{"line":134,"column":28},"end":{"line":134,"column":51}},"locations":[{"start":{"line":134,"column":28},"end":{"line":134,"column":51}}]},"49":{"type":"branch","line":134,"loc":{"start":{"line":134,"column":42},"end":{"line":134,"column":51}},"locations":[{"start":{"line":134,"column":42},"end":{"line":134,"column":51}}]},"50":{"type":"branch","line":138,"loc":{"start":{"line":138,"column":14},"end":{"line":140,"column":20}},"locations":[{"start":{"line":138,"column":14},"end":{"line":140,"column":20}}]},"51":{"type":"branch","line":138,"loc":{"start":{"line":138,"column":28},"end":{"line":138,"column":54}},"locations":[{"start":{"line":138,"column":28},"end":{"line":138,"column":54}}]},"52":{"type":"branch","line":138,"loc":{"start":{"line":138,"column":45},"end":{"line":138,"column":54}},"locations":[{"start":{"line":138,"column":45},"end":{"line":138,"column":54}}]},"53":{"type":"branch","line":142,"loc":{"start":{"line":142,"column":14},"end":{"line":144,"column":20}},"locations":[{"start":{"line":142,"column":14},"end":{"line":144,"column":20}}]},"54":{"type":"branch","line":142,"loc":{"start":{"line":142,"column":28},"end":{"line":142,"column":55}},"locations":[{"start":{"line":142,"column":28},"end":{"line":142,"column":55}}]},"55":{"type":"branch","line":142,"loc":{"start":{"line":142,"column":46},"end":{"line":142,"column":55}},"locations":[{"start":{"line":142,"column":46},"end":{"line":142,"column":55}}]},"56":{"type":"branch","line":154,"loc":{"start":{"line":154,"column":32},"end":{"line":154,"column":75}},"locations":[{"start":{"line":154,"column":32},"end":{"line":154,"column":75}}]},"57":{"type":"branch","line":167,"loc":{"start":{"line":167,"column":22},"end":{"line":167,"column":73}},"locations":[{"start":{"line":167,"column":22},"end":{"line":167,"column":73}}]},"58":{"type":"branch","line":166,"loc":{"start":{"line":166,"column":53},"end":{"line":166,"column":75}},"locations":[{"start":{"line":166,"column":53},"end":{"line":166,"column":75}}]},"59":{"type":"branch","line":176,"loc":{"start":{"line":176,"column":32},"end":{"line":176,"column":55}},"locations":[{"start":{"line":176,"column":32},"end":{"line":176,"column":55}}]},"60":{"type":"branch","line":176,"loc":{"start":{"line":176,"column":40},"end":{"line":176,"column":55}},"locations":[{"start":{"line":176,"column":40},"end":{"line":176,"column":55}}]},"61":{"type":"branch","line":191,"loc":{"start":{"line":191,"column":26},"end":{"line":191,"column":77}},"locations":[{"start":{"line":191,"column":26},"end":{"line":191,"column":77}}]},"62":{"type":"branch","line":190,"loc":{"start":{"line":190,"column":57},"end":{"line":190,"column":79}},"locations":[{"start":{"line":190,"column":57},"end":{"line":190,"column":79}}]},"63":{"type":"branch","line":190,"loc":{"start":{"line":190,"column":70},"end":{"line":190,"column":79}},"locations":[{"start":{"line":190,"column":70},"end":{"line":190,"column":79}}]},"64":{"type":"branch","line":202,"loc":{"start":{"line":202,"column":32},"end":{"line":202,"column":53}},"locations":[{"start":{"line":202,"column":32},"end":{"line":202,"column":53}}]},"65":{"type":"branch","line":202,"loc":{"start":{"line":202,"column":38},"end":{"line":202,"column":53}},"locations":[{"start":{"line":202,"column":38},"end":{"line":202,"column":53}}]},"66":{"type":"branch","line":223,"loc":{"start":{"line":223,"column":26},"end":{"line":223,"column":79}},"locations":[{"start":{"line":223,"column":26},"end":{"line":223,"column":79}}]},"67":{"type":"branch","line":222,"loc":{"start":{"line":222,"column":57},"end":{"line":222,"column":79}},"locations":[{"start":{"line":222,"column":57},"end":{"line":222,"column":79}}]},"68":{"type":"branch","line":222,"loc":{"start":{"line":222,"column":70},"end":{"line":222,"column":79}},"locations":[{"start":{"line":222,"column":70},"end":{"line":222,"column":79}}]}},"b":{"0":[1],"1":[5],"2":[12],"3":[1],"4":[1],"5":[0],"6":[0],"7":[1],"8":[0],"9":[0],"10":[0],"11":[0],"12":[0],"13":[1],"14":[4],"15":[1],"16":[3],"17":[1],"18":[0],"19":[0],"20":[0],"21":[0],"22":[0],"23":[0],"24":[1],"25":[1],"26":[0],"27":[0],"28":[0],"29":[0],"30":[4],"31":[0],"32":[0],"33":[0],"34":[0],"35":[0],"36":[1],"37":[3],"38":[1],"39":[1],"40":[1],"41":[1],"42":[1],"43":[1],"44":[2],"45":[2],"46":[1],"47":[2],"48":[2],"49":[1],"50":[2],"51":[2],"52":[1],"53":[2],"54":[2],"55":[1],"56":[2],"57":[1],"58":[1],"59":[2],"60":[1],"61":[1],"62":[2],"63":[1],"64":[2],"65":[1],"66":[1],"67":[2],"68":[1]},"fnMap":{"0":{"name":"resetFilters","decl":{"start":{"line":329,"column":21},"end":{"line":336,"column":2}},"loc":{"start":{"line":329,"column":21},"end":{"line":336,"column":2}},"line":329},"1":{"name":"createInitialStats","decl":{"start":{"line":391,"column":27},"end":{"line":410,"column":2}},"loc":{"start":{"line":391,"column":27},"end":{"line":410,"column":2}},"line":391},"2":{"name":"fetchAvailableDecks","decl":{"start":{"line":414,"column":28},"end":{"line":446,"column":2}},"loc":{"start":{"line":414,"column":28},"end":{"line":446,"column":2}},"line":414},"3":{"name":"refreshStatisticsWithDecks","decl":{"start":{"line":448,"column":35},"end":{"line":451,"column":2}},"loc":{"start":{"line":448,"column":35},"end":{"line":451,"column":2}},"line":448},"4":{"name":"handleMyDeckFilterChange","decl":{"start":{"line":453,"column":33},"end":{"line":455,"column":2}},"loc":{"start":{"line":453,"column":33},"end":{"line":455,"column":2}},"line":453},"5":{"name":"fetchStatistics","decl":{"start":{"line":457,"column":24},"end":{"line":518,"column":2}},"loc":{"start":{"line":457,"column":24},"end":{"line":518,"column":2}},"line":457},"6":{"name":"onToggleDrawer._cache.<computed>._cache.<computed>","decl":{"start":{"line":4,"column":53},"end":{"line":4,"column":75}},"loc":{"start":{"line":4,"column":53},"end":{"line":4,"column":75}},"line":4},"7":{"name":"onUpdate:modelValue._cache.<computed>._cache.<computed>","decl":{"start":{"line":7,"column":34},"end":{"line":7,"column":42}},"loc":{"start":{"line":7,"column":34},"end":{"line":7,"column":42}},"line":7},"8":{"name":"onUpdate:modelValue._cache.<computed>._cache.<computed>","decl":{"start":{"line":28,"column":23},"end":{"line":28,"column":36}},"loc":{"start":{"line":28,"column":23},"end":{"line":28,"column":36}},"line":28},"9":{"name":"onUpdate:modelValue._cache.<computed>._cache.<computed>","decl":{"start":{"line":39,"column":23},"end":{"line":39,"column":37}},"loc":{"start":{"line":39,"column":23},"end":{"line":39,"column":37}},"line":39},"10":{"name":"onUpdate:modelValue._cache.<computed>._cache.<computed>","decl":{"start":{"line":63,"column":27},"end":{"line":63,"column":44}},"loc":{"start":{"line":63,"column":27},"end":{"line":63,"column":44}},"line":63},"11":{"name":"onUpdate:modelValue._cache.<computed>._cache.<computed>","decl":{"start":{"line":98,"column":27},"end":{"line":98,"column":42}},"loc":{"start":{"line":98,"column":27},"end":{"line":98,"column":42}},"line":98},"12":{"name":"onUpdate:modelValue._cache.<computed>._cache.<computed>","decl":{"start":{"line":128,"column":27},"end":{"line":128,"column":39}},"loc":{"start":{"line":128,"column":27},"end":{"line":128,"column":39}},"line":128},"13":{"name":"onUpdate:modelValue._cache.<computed>._cache.<computed>","decl":{"start":{"line":148,"column":27},"end":{"line":148,"column":39}},"loc":{"start":{"line":148,"column":27},"end":{"line":148,"column":39}},"line":148}},"f":{"0":0,"1":1,"2":1,"3":1,"4":0,"5":1,"6":0,"7":0,"8":0,"9":0,"10":0,"11":0,"12":0,"13":0}}
}
